<?xml version="1.0" encoding="UTF-8"?>
<testsuite xmlns:xsi="http://www.w3.org/2001/XMLSchema-instance" xsi:noNamespaceSchemaLocation="https://maven.apache.org/surefire/maven-surefire-plugin/xsd/surefire-test-report-3.0.xsd" version="3.0" name="TestSuite" time="271.518" tests="10" errors="0" skipped="0" failures="1">
  <properties>
    <property name="java.specification.version" value="17"/>
    <property name="browser.type" value="CHROME"/>
    <property name="webdriver.chrome.driver" value="C:\Users\Aguka\.cache\selenium\chromedriver\win32\114.0.5735.90\chromedriver.exe"/>
    <property name="sun.cpu.isalist" value="amd64"/>
    <property name="sun.jnu.encoding" value="Cp1251"/>
    <property name="java.class.path" value="C:\Users\Aguka\sachok_Final_Projekt\target\test-classes;C:\Users\Aguka\sachok_Final_Projekt\target\classes;C:\Users\Aguka\.m2\repository\io\github\bonigarcia\webdrivermanager\5.3.2\webdrivermanager-5.3.2.jar;C:\Users\Aguka\.m2\repository\org\slf4j\slf4j-api\2.0.6\slf4j-api-2.0.6.jar;C:\Users\Aguka\.m2\repository\com\google\code\gson\gson\2.10.1\gson-2.10.1.jar;C:\Users\Aguka\.m2\repository\com\github\docker-java\docker-java\3.2.14\docker-java-3.2.14.jar;C:\Users\Aguka\.m2\repository\com\github\docker-java\docker-java-core\3.2.14\docker-java-core-3.2.14.jar;C:\Users\Aguka\.m2\repository\com\github\docker-java\docker-java-api\3.2.14\docker-java-api-3.2.14.jar;C:\Users\Aguka\.m2\repository\com\fasterxml\jackson\core\jackson-annotations\2.10.3\jackson-annotations-2.10.3.jar;C:\Users\Aguka\.m2\repository\commons-io\commons-io\2.6\commons-io-2.6.jar;C:\Users\Aguka\.m2\repository\org\apache\commons\commons-compress\1.21\commons-compress-1.21.jar;C:\Users\Aguka\.m2\repository\com\fasterxml\jackson\core\jackson-databind\2.10.3\jackson-databind-2.10.3.jar;C:\Users\Aguka\.m2\repository\com\fasterxml\jackson\core\jackson-core\2.10.3\jackson-core-2.10.3.jar;C:\Users\Aguka\.m2\repository\org\bouncycastle\bcpkix-jdk15on\1.64\bcpkix-jdk15on-1.64.jar;C:\Users\Aguka\.m2\repository\org\bouncycastle\bcprov-jdk15on\1.64\bcprov-jdk15on-1.64.jar;C:\Users\Aguka\.m2\repository\org\slf4j\jcl-over-slf4j\1.7.30\jcl-over-slf4j-1.7.30.jar;C:\Users\Aguka\.m2\repository\com\github\docker-java\docker-java-transport-httpclient5\3.2.14\docker-java-transport-httpclient5-3.2.14.jar;C:\Users\Aguka\.m2\repository\com\github\docker-java\docker-java-transport\3.2.14\docker-java-transport-3.2.14.jar;C:\Users\Aguka\.m2\repository\net\java\dev\jna\jna\5.12.1\jna-5.12.1.jar;C:\Users\Aguka\.m2\repository\org\brotli\dec\0.1.2\dec-0.1.2.jar;C:\Users\Aguka\.m2\repository\org\apache\commons\commons-lang3\3.12.0\commons-lang3-3.12.0.jar;C:\Users\Aguka\.m2\repository\org\apache\httpcomponents\client5\httpclient5\5.2.1\httpclient5-5.2.1.jar;C:\Users\Aguka\.m2\repository\org\apache\httpcomponents\core5\httpcore5\5.2\httpcore5-5.2.jar;C:\Users\Aguka\.m2\repository\org\apache\httpcomponents\core5\httpcore5-h2\5.2\httpcore5-h2-5.2.jar;C:\Users\Aguka\.m2\repository\org\assertj\assertj-core\3.18.1\assertj-core-3.18.1.jar;C:\Users\Aguka\.m2\repository\org\testng\testng\7.7.1\testng-7.7.1.jar;C:\Users\Aguka\.m2\repository\com\beust\jcommander\1.82\jcommander-1.82.jar;C:\Users\Aguka\.m2\repository\org\webjars\jquery\3.6.1\jquery-3.6.1.jar;C:\Users\Aguka\.m2\repository\org\seleniumhq\selenium\selenium-java\4.10.0\selenium-java-4.10.0.jar;C:\Users\Aguka\.m2\repository\org\seleniumhq\selenium\selenium-api\4.10.0\selenium-api-4.10.0.jar;C:\Users\Aguka\.m2\repository\org\seleniumhq\selenium\selenium-chrome-driver\4.10.0\selenium-chrome-driver-4.10.0.jar;C:\Users\Aguka\.m2\repository\com\google\auto\service\auto-service-annotations\1.0.1\auto-service-annotations-1.0.1.jar;C:\Users\Aguka\.m2\repository\com\google\auto\service\auto-service\1.0.1\auto-service-1.0.1.jar;C:\Users\Aguka\.m2\repository\com\google\auto\auto-common\1.2\auto-common-1.2.jar;C:\Users\Aguka\.m2\repository\com\google\guava\guava\31.1-jre\guava-31.1-jre.jar;C:\Users\Aguka\.m2\repository\com\google\guava\failureaccess\1.0.1\failureaccess-1.0.1.jar;C:\Users\Aguka\.m2\repository\com\google\guava\listenablefuture\9999.0-empty-to-avoid-conflict-with-guava\listenablefuture-9999.0-empty-to-avoid-conflict-with-guava.jar;C:\Users\Aguka\.m2\repository\com\google\code\findbugs\jsr305\3.0.2\jsr305-3.0.2.jar;C:\Users\Aguka\.m2\repository\org\checkerframework\checker-qual\3.12.0\checker-qual-3.12.0.jar;C:\Users\Aguka\.m2\repository\com\google\errorprone\error_prone_annotations\2.11.0\error_prone_annotations-2.11.0.jar;C:\Users\Aguka\.m2\repository\com\google\j2objc\j2objc-annotations\1.3\j2objc-annotations-1.3.jar;C:\Users\Aguka\.m2\repository\org\seleniumhq\selenium\selenium-chromium-driver\4.10.0\selenium-chromium-driver-4.10.0.jar;C:\Users\Aguka\.m2\repository\org\seleniumhq\selenium\selenium-json\4.10.0\selenium-json-4.10.0.jar;C:\Users\Aguka\.m2\repository\org\seleniumhq\selenium\selenium-manager\4.10.0\selenium-manager-4.10.0.jar;C:\Users\Aguka\.m2\repository\org\seleniumhq\selenium\selenium-devtools-v112\4.10.0\selenium-devtools-v112-4.10.0.jar;C:\Users\Aguka\.m2\repository\org\seleniumhq\selenium\selenium-devtools-v113\4.10.0\selenium-devtools-v113-4.10.0.jar;C:\Users\Aguka\.m2\repository\org\seleniumhq\selenium\selenium-devtools-v114\4.10.0\selenium-devtools-v114-4.10.0.jar;C:\Users\Aguka\.m2\repository\org\seleniumhq\selenium\selenium-devtools-v85\4.10.0\selenium-devtools-v85-4.10.0.jar;C:\Users\Aguka\.m2\repository\org\seleniumhq\selenium\selenium-edge-driver\4.10.0\selenium-edge-driver-4.10.0.jar;C:\Users\Aguka\.m2\repository\org\seleniumhq\selenium\selenium-firefox-driver\4.10.0\selenium-firefox-driver-4.10.0.jar;C:\Users\Aguka\.m2\repository\org\seleniumhq\selenium\selenium-http\4.10.0\selenium-http-4.10.0.jar;C:\Users\Aguka\.m2\repository\dev\failsafe\failsafe\3.3.1\failsafe-3.3.1.jar;C:\Users\Aguka\.m2\repository\org\seleniumhq\selenium\selenium-ie-driver\4.10.0\selenium-ie-driver-4.10.0.jar;C:\Users\Aguka\.m2\repository\org\seleniumhq\selenium\selenium-remote-driver\4.10.0\selenium-remote-driver-4.10.0.jar;C:\Users\Aguka\.m2\repository\io\netty\netty-buffer\4.1.92.Final\netty-buffer-4.1.92.Final.jar;C:\Users\Aguka\.m2\repository\io\netty\netty-codec-http\4.1.92.Final\netty-codec-http-4.1.92.Final.jar;C:\Users\Aguka\.m2\repository\io\netty\netty-codec\4.1.92.Final\netty-codec-4.1.92.Final.jar;C:\Users\Aguka\.m2\repository\io\netty\netty-handler\4.1.92.Final\netty-handler-4.1.92.Final.jar;C:\Users\Aguka\.m2\repository\io\netty\netty-common\4.1.92.Final\netty-common-4.1.92.Final.jar;C:\Users\Aguka\.m2\repository\io\netty\netty-transport-classes-epoll\4.1.92.Final\netty-transport-classes-epoll-4.1.92.Final.jar;C:\Users\Aguka\.m2\repository\io\netty\netty-transport-classes-kqueue\4.1.92.Final\netty-transport-classes-kqueue-4.1.92.Final.jar;C:\Users\Aguka\.m2\repository\io\netty\netty-transport-native-epoll\4.1.92.Final\netty-transport-native-epoll-4.1.92.Final.jar;C:\Users\Aguka\.m2\repository\io\netty\netty-transport-native-kqueue\4.1.92.Final\netty-transport-native-kqueue-4.1.92.Final.jar;C:\Users\Aguka\.m2\repository\io\netty\netty-transport-native-unix-common\4.1.92.Final\netty-transport-native-unix-common-4.1.92.Final.jar;C:\Users\Aguka\.m2\repository\io\netty\netty-transport\4.1.92.Final\netty-transport-4.1.92.Final.jar;C:\Users\Aguka\.m2\repository\io\netty\netty-resolver\4.1.92.Final\netty-resolver-4.1.92.Final.jar;C:\Users\Aguka\.m2\repository\io\opentelemetry\opentelemetry-api\1.26.0\opentelemetry-api-1.26.0.jar;C:\Users\Aguka\.m2\repository\io\opentelemetry\opentelemetry-context\1.26.0\opentelemetry-context-1.26.0.jar;C:\Users\Aguka\.m2\repository\io\opentelemetry\opentelemetry-exporter-logging\1.26.0\opentelemetry-exporter-logging-1.26.0.jar;C:\Users\Aguka\.m2\repository\io\opentelemetry\opentelemetry-sdk-metrics\1.26.0\opentelemetry-sdk-metrics-1.26.0.jar;C:\Users\Aguka\.m2\repository\io\opentelemetry\opentelemetry-extension-incubator\1.26.0-alpha\opentelemetry-extension-incubator-1.26.0-alpha.jar;C:\Users\Aguka\.m2\repository\io\opentelemetry\opentelemetry-sdk-logs\1.26.0-alpha\opentelemetry-sdk-logs-1.26.0-alpha.jar;C:\Users\Aguka\.m2\repository\io\opentelemetry\opentelemetry-api-logs\1.26.0-alpha\opentelemetry-api-logs-1.26.0-alpha.jar;C:\Users\Aguka\.m2\repository\io\opentelemetry\opentelemetry-api-events\1.26.0-alpha\opentelemetry-api-events-1.26.0-alpha.jar;C:\Users\Aguka\.m2\repository\io\opentelemetry\opentelemetry-sdk-common\1.26.0\opentelemetry-sdk-common-1.26.0.jar;C:\Users\Aguka\.m2\repository\io\opentelemetry\opentelemetry-sdk-extension-autoconfigure-spi\1.26.0\opentelemetry-sdk-extension-autoconfigure-spi-1.26.0.jar;C:\Users\Aguka\.m2\repository\io\opentelemetry\opentelemetry-sdk-extension-autoconfigure\1.26.0-alpha\opentelemetry-sdk-extension-autoconfigure-1.26.0-alpha.jar;C:\Users\Aguka\.m2\repository\io\opentelemetry\opentelemetry-sdk-trace\1.26.0\opentelemetry-sdk-trace-1.26.0.jar;C:\Users\Aguka\.m2\repository\io\opentelemetry\opentelemetry-sdk\1.26.0\opentelemetry-sdk-1.26.0.jar;C:\Users\Aguka\.m2\repository\io\opentelemetry\opentelemetry-semconv\1.26.0-alpha\opentelemetry-semconv-1.26.0-alpha.jar;C:\Users\Aguka\.m2\repository\net\bytebuddy\byte-buddy\1.14.4\byte-buddy-1.14.4.jar;C:\Users\Aguka\.m2\repository\org\apache\commons\commons-exec\1.3\commons-exec-1.3.jar;C:\Users\Aguka\.m2\repository\org\asynchttpclient\async-http-client\2.12.3\async-http-client-2.12.3.jar;C:\Users\Aguka\.m2\repository\org\asynchttpclient\async-http-client-netty-utils\2.12.3\async-http-client-netty-utils-2.12.3.jar;C:\Users\Aguka\.m2\repository\io\netty\netty-codec-socks\4.1.60.Final\netty-codec-socks-4.1.60.Final.jar;C:\Users\Aguka\.m2\repository\io\netty\netty-handler-proxy\4.1.60.Final\netty-handler-proxy-4.1.60.Final.jar;C:\Users\Aguka\.m2\repository\io\netty\netty-transport-native-epoll\4.1.60.Final\netty-transport-native-epoll-4.1.60.Final-linux-x86_64.jar;C:\Users\Aguka\.m2\repository\io\netty\netty-transport-native-kqueue\4.1.60.Final\netty-transport-native-kqueue-4.1.60.Final-osx-x86_64.jar;C:\Users\Aguka\.m2\repository\org\reactivestreams\reactive-streams\1.0.3\reactive-streams-1.0.3.jar;C:\Users\Aguka\.m2\repository\com\typesafe\netty\netty-reactive-streams\2.0.4\netty-reactive-streams-2.0.4.jar;C:\Users\Aguka\.m2\repository\com\sun\activation\jakarta.activation\1.2.2\jakarta.activation-1.2.2.jar;C:\Users\Aguka\.m2\repository\org\seleniumhq\selenium\selenium-safari-driver\4.10.0\selenium-safari-driver-4.10.0.jar;C:\Users\Aguka\.m2\repository\org\seleniumhq\selenium\selenium-support\4.10.0\selenium-support-4.10.0.jar;C:\Users\Aguka\.m2\repository\org\projectlombok\lombok\1.18.28\lombok-1.18.28.jar;C:\Users\Aguka\.m2\repository\org\slf4j\slf4j-reload4j\2.0.5\slf4j-reload4j-2.0.5.jar;C:\Users\Aguka\.m2\repository\ch\qos\reload4j\reload4j\1.2.22\reload4j-1.2.22.jar;C:\Users\Aguka\.m2\repository\io\qameta\allure\allure-testng\2.22.0\allure-testng-2.22.0.jar;C:\Users\Aguka\.m2\repository\io\qameta\allure\allure-java-commons\2.22.0\allure-java-commons-2.22.0.jar;C:\Users\Aguka\.m2\repository\io\qameta\allure\allure-model\2.22.0\allure-model-2.22.0.jar;C:\Users\Aguka\.m2\repository\io\qameta\allure\allure-test-filter\2.22.0\allure-test-filter-2.22.0.jar;"/>
    <property name="java.vm.vendor" value="Oracle Corporation"/>
    <property name="sun.arch.data.model" value="64"/>
    <property name="user.variant" value=""/>
    <property name="java.vendor.url" value="https://java.oracle.com/"/>
    <property name="user.timezone" value="Europe/Kiev"/>
    <property name="os.name" value="Windows 11"/>
    <property name="java.vm.specification.version" value="17"/>
    <property name="sun.java.launcher" value="SUN_STANDARD"/>
    <property name="user.country" value="US"/>
    <property name="sun.boot.library.path" value="C:\Program Files\Java\jdk-17\bin"/>
    <property name="sun.java.command" value="C:\Users\Aguka\AppData\Local\Temp\surefire14816951099660072144\surefirebooter-20230815112502887_3.jar C:\Users\Aguka\AppData\Local\Temp\surefire14816951099660072144 2023-08-15T11-25-02_579-jvmRun1 surefire-20230815112502887_1tmp surefire_0-20230815112502887_2tmp"/>
    <property name="jdk.debug" value="release"/>
    <property name="surefire.test.class.path" value="C:\Users\Aguka\sachok_Final_Projekt\target\test-classes;C:\Users\Aguka\sachok_Final_Projekt\target\classes;C:\Users\Aguka\.m2\repository\io\github\bonigarcia\webdrivermanager\5.3.2\webdrivermanager-5.3.2.jar;C:\Users\Aguka\.m2\repository\org\slf4j\slf4j-api\2.0.6\slf4j-api-2.0.6.jar;C:\Users\Aguka\.m2\repository\com\google\code\gson\gson\2.10.1\gson-2.10.1.jar;C:\Users\Aguka\.m2\repository\com\github\docker-java\docker-java\3.2.14\docker-java-3.2.14.jar;C:\Users\Aguka\.m2\repository\com\github\docker-java\docker-java-core\3.2.14\docker-java-core-3.2.14.jar;C:\Users\Aguka\.m2\repository\com\github\docker-java\docker-java-api\3.2.14\docker-java-api-3.2.14.jar;C:\Users\Aguka\.m2\repository\com\fasterxml\jackson\core\jackson-annotations\2.10.3\jackson-annotations-2.10.3.jar;C:\Users\Aguka\.m2\repository\commons-io\commons-io\2.6\commons-io-2.6.jar;C:\Users\Aguka\.m2\repository\org\apache\commons\commons-compress\1.21\commons-compress-1.21.jar;C:\Users\Aguka\.m2\repository\com\fasterxml\jackson\core\jackson-databind\2.10.3\jackson-databind-2.10.3.jar;C:\Users\Aguka\.m2\repository\com\fasterxml\jackson\core\jackson-core\2.10.3\jackson-core-2.10.3.jar;C:\Users\Aguka\.m2\repository\org\bouncycastle\bcpkix-jdk15on\1.64\bcpkix-jdk15on-1.64.jar;C:\Users\Aguka\.m2\repository\org\bouncycastle\bcprov-jdk15on\1.64\bcprov-jdk15on-1.64.jar;C:\Users\Aguka\.m2\repository\org\slf4j\jcl-over-slf4j\1.7.30\jcl-over-slf4j-1.7.30.jar;C:\Users\Aguka\.m2\repository\com\github\docker-java\docker-java-transport-httpclient5\3.2.14\docker-java-transport-httpclient5-3.2.14.jar;C:\Users\Aguka\.m2\repository\com\github\docker-java\docker-java-transport\3.2.14\docker-java-transport-3.2.14.jar;C:\Users\Aguka\.m2\repository\net\java\dev\jna\jna\5.12.1\jna-5.12.1.jar;C:\Users\Aguka\.m2\repository\org\brotli\dec\0.1.2\dec-0.1.2.jar;C:\Users\Aguka\.m2\repository\org\apache\commons\commons-lang3\3.12.0\commons-lang3-3.12.0.jar;C:\Users\Aguka\.m2\repository\org\apache\httpcomponents\client5\httpclient5\5.2.1\httpclient5-5.2.1.jar;C:\Users\Aguka\.m2\repository\org\apache\httpcomponents\core5\httpcore5\5.2\httpcore5-5.2.jar;C:\Users\Aguka\.m2\repository\org\apache\httpcomponents\core5\httpcore5-h2\5.2\httpcore5-h2-5.2.jar;C:\Users\Aguka\.m2\repository\org\assertj\assertj-core\3.18.1\assertj-core-3.18.1.jar;C:\Users\Aguka\.m2\repository\org\testng\testng\7.7.1\testng-7.7.1.jar;C:\Users\Aguka\.m2\repository\com\beust\jcommander\1.82\jcommander-1.82.jar;C:\Users\Aguka\.m2\repository\org\webjars\jquery\3.6.1\jquery-3.6.1.jar;C:\Users\Aguka\.m2\repository\org\seleniumhq\selenium\selenium-java\4.10.0\selenium-java-4.10.0.jar;C:\Users\Aguka\.m2\repository\org\seleniumhq\selenium\selenium-api\4.10.0\selenium-api-4.10.0.jar;C:\Users\Aguka\.m2\repository\org\seleniumhq\selenium\selenium-chrome-driver\4.10.0\selenium-chrome-driver-4.10.0.jar;C:\Users\Aguka\.m2\repository\com\google\auto\service\auto-service-annotations\1.0.1\auto-service-annotations-1.0.1.jar;C:\Users\Aguka\.m2\repository\com\google\auto\service\auto-service\1.0.1\auto-service-1.0.1.jar;C:\Users\Aguka\.m2\repository\com\google\auto\auto-common\1.2\auto-common-1.2.jar;C:\Users\Aguka\.m2\repository\com\google\guava\guava\31.1-jre\guava-31.1-jre.jar;C:\Users\Aguka\.m2\repository\com\google\guava\failureaccess\1.0.1\failureaccess-1.0.1.jar;C:\Users\Aguka\.m2\repository\com\google\guava\listenablefuture\9999.0-empty-to-avoid-conflict-with-guava\listenablefuture-9999.0-empty-to-avoid-conflict-with-guava.jar;C:\Users\Aguka\.m2\repository\com\google\code\findbugs\jsr305\3.0.2\jsr305-3.0.2.jar;C:\Users\Aguka\.m2\repository\org\checkerframework\checker-qual\3.12.0\checker-qual-3.12.0.jar;C:\Users\Aguka\.m2\repository\com\google\errorprone\error_prone_annotations\2.11.0\error_prone_annotations-2.11.0.jar;C:\Users\Aguka\.m2\repository\com\google\j2objc\j2objc-annotations\1.3\j2objc-annotations-1.3.jar;C:\Users\Aguka\.m2\repository\org\seleniumhq\selenium\selenium-chromium-driver\4.10.0\selenium-chromium-driver-4.10.0.jar;C:\Users\Aguka\.m2\repository\org\seleniumhq\selenium\selenium-json\4.10.0\selenium-json-4.10.0.jar;C:\Users\Aguka\.m2\repository\org\seleniumhq\selenium\selenium-manager\4.10.0\selenium-manager-4.10.0.jar;C:\Users\Aguka\.m2\repository\org\seleniumhq\selenium\selenium-devtools-v112\4.10.0\selenium-devtools-v112-4.10.0.jar;C:\Users\Aguka\.m2\repository\org\seleniumhq\selenium\selenium-devtools-v113\4.10.0\selenium-devtools-v113-4.10.0.jar;C:\Users\Aguka\.m2\repository\org\seleniumhq\selenium\selenium-devtools-v114\4.10.0\selenium-devtools-v114-4.10.0.jar;C:\Users\Aguka\.m2\repository\org\seleniumhq\selenium\selenium-devtools-v85\4.10.0\selenium-devtools-v85-4.10.0.jar;C:\Users\Aguka\.m2\repository\org\seleniumhq\selenium\selenium-edge-driver\4.10.0\selenium-edge-driver-4.10.0.jar;C:\Users\Aguka\.m2\repository\org\seleniumhq\selenium\selenium-firefox-driver\4.10.0\selenium-firefox-driver-4.10.0.jar;C:\Users\Aguka\.m2\repository\org\seleniumhq\selenium\selenium-http\4.10.0\selenium-http-4.10.0.jar;C:\Users\Aguka\.m2\repository\dev\failsafe\failsafe\3.3.1\failsafe-3.3.1.jar;C:\Users\Aguka\.m2\repository\org\seleniumhq\selenium\selenium-ie-driver\4.10.0\selenium-ie-driver-4.10.0.jar;C:\Users\Aguka\.m2\repository\org\seleniumhq\selenium\selenium-remote-driver\4.10.0\selenium-remote-driver-4.10.0.jar;C:\Users\Aguka\.m2\repository\io\netty\netty-buffer\4.1.92.Final\netty-buffer-4.1.92.Final.jar;C:\Users\Aguka\.m2\repository\io\netty\netty-codec-http\4.1.92.Final\netty-codec-http-4.1.92.Final.jar;C:\Users\Aguka\.m2\repository\io\netty\netty-codec\4.1.92.Final\netty-codec-4.1.92.Final.jar;C:\Users\Aguka\.m2\repository\io\netty\netty-handler\4.1.92.Final\netty-handler-4.1.92.Final.jar;C:\Users\Aguka\.m2\repository\io\netty\netty-common\4.1.92.Final\netty-common-4.1.92.Final.jar;C:\Users\Aguka\.m2\repository\io\netty\netty-transport-classes-epoll\4.1.92.Final\netty-transport-classes-epoll-4.1.92.Final.jar;C:\Users\Aguka\.m2\repository\io\netty\netty-transport-classes-kqueue\4.1.92.Final\netty-transport-classes-kqueue-4.1.92.Final.jar;C:\Users\Aguka\.m2\repository\io\netty\netty-transport-native-epoll\4.1.92.Final\netty-transport-native-epoll-4.1.92.Final.jar;C:\Users\Aguka\.m2\repository\io\netty\netty-transport-native-kqueue\4.1.92.Final\netty-transport-native-kqueue-4.1.92.Final.jar;C:\Users\Aguka\.m2\repository\io\netty\netty-transport-native-unix-common\4.1.92.Final\netty-transport-native-unix-common-4.1.92.Final.jar;C:\Users\Aguka\.m2\repository\io\netty\netty-transport\4.1.92.Final\netty-transport-4.1.92.Final.jar;C:\Users\Aguka\.m2\repository\io\netty\netty-resolver\4.1.92.Final\netty-resolver-4.1.92.Final.jar;C:\Users\Aguka\.m2\repository\io\opentelemetry\opentelemetry-api\1.26.0\opentelemetry-api-1.26.0.jar;C:\Users\Aguka\.m2\repository\io\opentelemetry\opentelemetry-context\1.26.0\opentelemetry-context-1.26.0.jar;C:\Users\Aguka\.m2\repository\io\opentelemetry\opentelemetry-exporter-logging\1.26.0\opentelemetry-exporter-logging-1.26.0.jar;C:\Users\Aguka\.m2\repository\io\opentelemetry\opentelemetry-sdk-metrics\1.26.0\opentelemetry-sdk-metrics-1.26.0.jar;C:\Users\Aguka\.m2\repository\io\opentelemetry\opentelemetry-extension-incubator\1.26.0-alpha\opentelemetry-extension-incubator-1.26.0-alpha.jar;C:\Users\Aguka\.m2\repository\io\opentelemetry\opentelemetry-sdk-logs\1.26.0-alpha\opentelemetry-sdk-logs-1.26.0-alpha.jar;C:\Users\Aguka\.m2\repository\io\opentelemetry\opentelemetry-api-logs\1.26.0-alpha\opentelemetry-api-logs-1.26.0-alpha.jar;C:\Users\Aguka\.m2\repository\io\opentelemetry\opentelemetry-api-events\1.26.0-alpha\opentelemetry-api-events-1.26.0-alpha.jar;C:\Users\Aguka\.m2\repository\io\opentelemetry\opentelemetry-sdk-common\1.26.0\opentelemetry-sdk-common-1.26.0.jar;C:\Users\Aguka\.m2\repository\io\opentelemetry\opentelemetry-sdk-extension-autoconfigure-spi\1.26.0\opentelemetry-sdk-extension-autoconfigure-spi-1.26.0.jar;C:\Users\Aguka\.m2\repository\io\opentelemetry\opentelemetry-sdk-extension-autoconfigure\1.26.0-alpha\opentelemetry-sdk-extension-autoconfigure-1.26.0-alpha.jar;C:\Users\Aguka\.m2\repository\io\opentelemetry\opentelemetry-sdk-trace\1.26.0\opentelemetry-sdk-trace-1.26.0.jar;C:\Users\Aguka\.m2\repository\io\opentelemetry\opentelemetry-sdk\1.26.0\opentelemetry-sdk-1.26.0.jar;C:\Users\Aguka\.m2\repository\io\opentelemetry\opentelemetry-semconv\1.26.0-alpha\opentelemetry-semconv-1.26.0-alpha.jar;C:\Users\Aguka\.m2\repository\net\bytebuddy\byte-buddy\1.14.4\byte-buddy-1.14.4.jar;C:\Users\Aguka\.m2\repository\org\apache\commons\commons-exec\1.3\commons-exec-1.3.jar;C:\Users\Aguka\.m2\repository\org\asynchttpclient\async-http-client\2.12.3\async-http-client-2.12.3.jar;C:\Users\Aguka\.m2\repository\org\asynchttpclient\async-http-client-netty-utils\2.12.3\async-http-client-netty-utils-2.12.3.jar;C:\Users\Aguka\.m2\repository\io\netty\netty-codec-socks\4.1.60.Final\netty-codec-socks-4.1.60.Final.jar;C:\Users\Aguka\.m2\repository\io\netty\netty-handler-proxy\4.1.60.Final\netty-handler-proxy-4.1.60.Final.jar;C:\Users\Aguka\.m2\repository\io\netty\netty-transport-native-epoll\4.1.60.Final\netty-transport-native-epoll-4.1.60.Final-linux-x86_64.jar;C:\Users\Aguka\.m2\repository\io\netty\netty-transport-native-kqueue\4.1.60.Final\netty-transport-native-kqueue-4.1.60.Final-osx-x86_64.jar;C:\Users\Aguka\.m2\repository\org\reactivestreams\reactive-streams\1.0.3\reactive-streams-1.0.3.jar;C:\Users\Aguka\.m2\repository\com\typesafe\netty\netty-reactive-streams\2.0.4\netty-reactive-streams-2.0.4.jar;C:\Users\Aguka\.m2\repository\com\sun\activation\jakarta.activation\1.2.2\jakarta.activation-1.2.2.jar;C:\Users\Aguka\.m2\repository\org\seleniumhq\selenium\selenium-safari-driver\4.10.0\selenium-safari-driver-4.10.0.jar;C:\Users\Aguka\.m2\repository\org\seleniumhq\selenium\selenium-support\4.10.0\selenium-support-4.10.0.jar;C:\Users\Aguka\.m2\repository\org\projectlombok\lombok\1.18.28\lombok-1.18.28.jar;C:\Users\Aguka\.m2\repository\org\slf4j\slf4j-reload4j\2.0.5\slf4j-reload4j-2.0.5.jar;C:\Users\Aguka\.m2\repository\ch\qos\reload4j\reload4j\1.2.22\reload4j-1.2.22.jar;C:\Users\Aguka\.m2\repository\io\qameta\allure\allure-testng\2.22.0\allure-testng-2.22.0.jar;C:\Users\Aguka\.m2\repository\io\qameta\allure\allure-java-commons\2.22.0\allure-java-commons-2.22.0.jar;C:\Users\Aguka\.m2\repository\io\qameta\allure\allure-model\2.22.0\allure-model-2.22.0.jar;C:\Users\Aguka\.m2\repository\io\qameta\allure\allure-test-filter\2.22.0\allure-test-filter-2.22.0.jar;"/>
    <property name="allure.results.directory" value="C:\Users\Aguka\sachok_Final_Projekt\target/allure-results"/>
    <property name="sun.cpu.endian" value="little"/>
    <property name="user.home" value="C:\Users\Aguka"/>
    <property name="user.language" value="en"/>
    <property name="java.specification.vendor" value="Oracle Corporation"/>
    <property name="java.version.date" value="2023-04-18"/>
    <property name="java.home" value="C:\Program Files\Java\jdk-17"/>
    <property name="file.separator" value="\"/>
    <property name="basedir" value="C:\Users\Aguka\sachok_Final_Projekt"/>
    <property name="java.vm.compressedOopsMode" value="32-bit"/>
    <property name="line.separator" value="&#10;"/>
    <property name="java.vm.specification.vendor" value="Oracle Corporation"/>
    <property name="java.specification.name" value="Java Platform API Specification"/>
    <property name="surefire.real.class.path" value="C:\Users\Aguka\AppData\Local\Temp\surefire14816951099660072144\surefirebooter-20230815112502887_3.jar"/>
    <property name="user.script" value=""/>
    <property name="sun.management.compiler" value="HotSpot 64-Bit Tiered Compilers"/>
    <property name="java.runtime.version" value="17.0.7+8-LTS-224"/>
    <property name="user.name" value="Aguka"/>
    <property name="path.separator" value=";"/>
    <property name="os.version" value="10.0"/>
    <property name="java.runtime.name" value="Java(TM) SE Runtime Environment"/>
    <property name="file.encoding" value="Cp1251"/>
    <property name="java.vm.name" value="Java HotSpot(TM) 64-Bit Server VM"/>
    <property name="browser.height" value="1080"/>
    <property name="localRepository" value="C:\Users\Aguka\.m2\repository"/>
    <property name="java.vendor.url.bug" value="https://bugreport.java.com/bugreport/"/>
    <property name="java.io.tmpdir" value="C:\Users\Aguka\AppData\Local\Temp\"/>
    <property name="java.version" value="17.0.7"/>
    <property name="user.dir" value="C:\Users\Aguka\sachok_Final_Projekt"/>
    <property name="os.arch" value="amd64"/>
    <property name="browser.width" value="1920"/>
    <property name="java.vm.specification.name" value="Java Virtual Machine Specification"/>
    <property name="sun.os.patch.level" value=""/>
    <property name="native.encoding" value="Cp1251"/>
    <property name="java.library.path" value="C:\Program Files\Java\jdk-17\bin;C:\WINDOWS\Sun\Java\bin;C:\WINDOWS\system32;C:\WINDOWS;C:\Program Files\Common Files\Oracle\Java\javapath;C:\Program Files (x86)\Common Files\Oracle\Java\javapath;C:\WINDOWS\system32;C:\WINDOWS;C:\WINDOWS\System32\Wbem;C:\WINDOWS\System32\WindowsPowerShell\v1.0\;C:\WINDOWS\System32\OpenSSH\;%JAVA_HOME%;C:\Program Files\Git\cmd;E:\apache-maven-3.9.2\bin;%JAVA_HOME%bin;C:\Users\Aguka\AppData\Local\Microsoft\WindowsApps;;C:\Program Files\JetBrains\IntelliJ IDEA Community Edition 2022.2.1\bin;;."/>
    <property name="java.vm.info" value="mixed mode, sharing"/>
    <property name="java.vendor" value="Oracle Corporation"/>
    <property name="java.vm.version" value="17.0.7+8-LTS-224"/>
    <property name="sun.io.unicode.encoding" value="UnicodeLittle"/>
    <property name="java.class.version" value="61.0"/>
  </properties>
  <testcase name="checkCategories" classname="CheckCategoriesTest" time="2.367">
    <system-out><![CDATA[[ERROR] 2023-08-15 11:25:06 HttpClient:176 :execute - message:Error HTTP 404 executing https://chromedriver.storage.googleapis.com/LATEST_RELEASE_115
[WARN ] 2023-08-15 11:25:06 VersionDetector:123 :getDriverVersionFromRepository - message:Exception reading https://chromedriver.storage.googleapis.com/LATEST_RELEASE_115 to get latest version of chromedriver (Error HTTP 404 executing https://chromedriver.storage.googleapis.com/LATEST_RELEASE_115)
[ERROR] 2023-08-15 11:25:06 HttpClient:176 :execute - message:Error HTTP 404 executing https://chromedriver.storage.googleapis.com/LATEST_RELEASE_115
[WARN ] 2023-08-15 11:25:06 VersionDetector:123 :getDriverVersionFromRepository - message:Exception reading https://chromedriver.storage.googleapis.com/LATEST_RELEASE_115 to get latest version of chromedriver (Error HTTP 404 executing https://chromedriver.storage.googleapis.com/LATEST_RELEASE_115)
[INFO ] 2023-08-15 11:25:06 WebDriverManager:1291 :exportDriver - message:Exporting webdriver.chrome.driver as C:\Users\Aguka\.cache\selenium\chromedriver\win32\114.0.5735.90\chromedriver.exe
[INFO ] 2023-08-15 11:25:06 WebDriverManager:1291 :exportDriver - message:Exporting webdriver.chrome.driver as C:\Users\Aguka\.cache\selenium\chromedriver\win32\114.0.5735.90\chromedriver.exe
[INFO ] 2023-08-15 11:25:10 BaseTest:43 :setUp - message:Tests will run at 1920x1080 in CHROME browser.
[INFO ] 2023-08-15 11:25:10 BaseTest:43 :setUp - message:Tests will run at 1920x1080 in CHROME browser.
[INFO ] 2023-08-15 11:25:53 MainPage:77 :waitForPageLoading - message:Waiting for page loading
[INFO ] 2023-08-15 11:25:53 MainPage:77 :waitForPageLoading - message:Waiting for page loading
[INFO ] 2023-08-15 11:25:53 MainPage:83 :switchToFrame - message:Switch to frame
[INFO ] 2023-08-15 11:25:53 MainPage:83 :switchToFrame - message:Switch to frame
[INFO ] 2023-08-15 11:25:53 MainPage:160 :setFieldSearch - message:Set field search and enter
[INFO ] 2023-08-15 11:25:53 MainPage:167 :hoverOverClothesCategory - message:Hover over clothes category
[INFO ] 2023-08-15 11:25:54 ResultSearchPage:148 :clickBrownBearNotebook - message:Click brown bear notebook
[INFO ] 2023-08-15 11:25:55 MainPage:173 :hoverOverAccessoriesCategory - message:Hover over accessories category
[INFO ] 2023-08-15 11:25:55 MainPage:180 :hoverOverArtCategory - message:Hover over art category
[INFO ] 2023-08-15 11:25:55 MainPage:186 :getArtValue - message:Check that no any sub category appears
]]></system-out>
    <system-err><![CDATA[Aug 15, 2023 11:25:06 AM org.openqa.selenium.remote.service.DriverService$Builder getLogOutput
INFO: Driver logs no longer sent to console by default; https://www.selenium.dev/documentation/webdriver/drivers/service/#setting-log-output
Aug 15, 2023 11:25:06 AM org.openqa.selenium.remote.service.DriverService$Builder getLogOutput
INFO: Driver logs no longer sent to console by default; https://www.selenium.dev/documentation/webdriver/drivers/service/#setting-log-output
Aug 15, 2023 11:25:10 AM org.openqa.selenium.devtools.CdpVersionFinder findNearestMatch
WARNING: Unable to find an exact match for CDP version 115, so returning the closest version found: 114
Aug 15, 2023 11:25:10 AM org.openqa.selenium.devtools.CdpVersionFinder findNearestMatch
WARNING: Unable to find an exact match for CDP version 115, so returning the closest version found: 114
]]></system-err>
  </testcase>
  <testcase name="addingToCart" classname="AddingToCartTest" time="7.281">
    <system-out><![CDATA[[ERROR] 2023-08-15 11:25:56 HttpClient:176 :execute - message:Error HTTP 404 executing https://chromedriver.storage.googleapis.com/LATEST_RELEASE_115
[WARN ] 2023-08-15 11:25:56 VersionDetector:123 :getDriverVersionFromRepository - message:Exception reading https://chromedriver.storage.googleapis.com/LATEST_RELEASE_115 to get latest version of chromedriver (Error HTTP 404 executing https://chromedriver.storage.googleapis.com/LATEST_RELEASE_115)
[INFO ] 2023-08-15 11:25:56 WebDriverManager:1291 :exportDriver - message:Exporting webdriver.chrome.driver as C:\Users\Aguka\.cache\selenium\chromedriver\win32\114.0.5735.90\chromedriver.exe
[INFO ] 2023-08-15 11:25:57 BaseTest:43 :setUp - message:Tests will run at 1920x1080 in CHROME browser.
[INFO ] 2023-08-15 11:25:57 ResultSearchPage:154 :select - message:Select value
[INFO ] 2023-08-15 11:25:58 ResultSearchPage:162 :setInputQuantityWanted - message:Set input quantity you wanted(5)
[INFO ] 2023-08-15 11:25:59 ResultSearchPage:178 :getMessageSuccessfully - message:Get message successfully
[INFO ] 2023-08-15 11:26:00 ResultSearchPage:185 :getTypePaper - message:Getting type paper
[INFO ] 2023-08-15 11:26:00 ResultSearchPage:190 :getProductQuantity - message:Get product quantity
[INFO ] 2023-08-15 11:26:00 ResultSearchPage:199 :getTotalPrice - message:Get total price
]]></system-out>
    <system-err><![CDATA[Aug 15, 2023 11:25:56 AM org.openqa.selenium.remote.service.DriverService$Builder getLogOutput
INFO: Driver logs no longer sent to console by default; https://www.selenium.dev/documentation/webdriver/drivers/service/#setting-log-output
Aug 15, 2023 11:25:57 AM org.openqa.selenium.devtools.CdpVersionFinder findNearestMatch
WARNING: Unable to find an exact match for CDP version 115, so returning the closest version found: 114
]]></system-err>
  </testcase>
  <testcase name="checkLanguages" classname="CheckLanguagesTest" time="0.884">
    <system-out><![CDATA[[ERROR] 2023-08-15 11:26:01 HttpClient:176 :execute - message:Error HTTP 404 executing https://chromedriver.storage.googleapis.com/LATEST_RELEASE_115
[WARN ] 2023-08-15 11:26:01 VersionDetector:123 :getDriverVersionFromRepository - message:Exception reading https://chromedriver.storage.googleapis.com/LATEST_RELEASE_115 to get latest version of chromedriver (Error HTTP 404 executing https://chromedriver.storage.googleapis.com/LATEST_RELEASE_115)
[INFO ] 2023-08-15 11:26:01 WebDriverManager:1291 :exportDriver - message:Exporting webdriver.chrome.driver as C:\Users\Aguka\.cache\selenium\chromedriver\win32\114.0.5735.90\chromedriver.exe
[INFO ] 2023-08-15 11:26:02 BaseTest:43 :setUp - message:Tests will run at 1920x1080 in CHROME browser.
[INFO ] 2023-08-15 11:26:39 MainPage:77 :waitForPageLoading - message:Waiting for page loading
[INFO ] 2023-08-15 11:26:39 MainPage:83 :switchToFrame - message:Switch to frame
[INFO ] 2023-08-15 11:26:40 MainPage:121 :findingUkrainianLanguagesInList - message:Checking the Ukrainian language is in the list
]]></system-out>
    <system-err><![CDATA[Aug 15, 2023 11:26:01 AM org.openqa.selenium.remote.service.DriverService$Builder getLogOutput
INFO: Driver logs no longer sent to console by default; https://www.selenium.dev/documentation/webdriver/drivers/service/#setting-log-output
Aug 15, 2023 11:26:02 AM org.openqa.selenium.devtools.CdpVersionFinder findNearestMatch
WARNING: Unable to find an exact match for CDP version 115, so returning the closest version found: 114
]]></system-err>
  </testcase>
  <testcase name="checkPopularProducts" classname="CheckPopularProductsTest" time="0.765">
    <system-out><![CDATA[[ERROR] 2023-08-15 11:26:42 HttpClient:176 :execute - message:Error HTTP 404 executing https://chromedriver.storage.googleapis.com/LATEST_RELEASE_115
[WARN ] 2023-08-15 11:26:42 VersionDetector:123 :getDriverVersionFromRepository - message:Exception reading https://chromedriver.storage.googleapis.com/LATEST_RELEASE_115 to get latest version of chromedriver (Error HTTP 404 executing https://chromedriver.storage.googleapis.com/LATEST_RELEASE_115)
[INFO ] 2023-08-15 11:26:42 WebDriverManager:1291 :exportDriver - message:Exporting webdriver.chrome.driver as C:\Users\Aguka\.cache\selenium\chromedriver\win32\114.0.5735.90\chromedriver.exe
[INFO ] 2023-08-15 11:26:42 BaseTest:43 :setUp - message:Tests will run at 1920x1080 in CHROME browser.
[INFO ] 2023-08-15 11:26:44 MainPage:77 :waitForPageLoading - message:Waiting for page loading
[INFO ] 2023-08-15 11:26:44 MainPage:83 :switchToFrame - message:Switch to frame
[INFO ] 2023-08-15 11:26:44 MainPage:137 :getPopularProduct - message:Get list popular product
[INFO ] 2023-08-15 11:26:45 MainPage:137 :getPopularProduct - message:Get list popular product
]]></system-out>
    <system-err><![CDATA[Aug 15, 2023 11:26:42 AM org.openqa.selenium.remote.service.DriverService$Builder getLogOutput
INFO: Driver logs no longer sent to console by default; https://www.selenium.dev/documentation/webdriver/drivers/service/#setting-log-output
Aug 15, 2023 11:26:42 AM org.openqa.selenium.devtools.CdpVersionFinder findNearestMatch
WARNING: Unable to find an exact match for CDP version 115, so returning the closest version found: 114
]]></system-err>
  </testcase>
  <testcase name="priceDropCheck" classname="PriceDropCheckTest" time="1.027">
    <system-out><![CDATA[[ERROR] 2023-08-15 11:26:46 HttpClient:176 :execute - message:Error HTTP 404 executing https://chromedriver.storage.googleapis.com/LATEST_RELEASE_115
[WARN ] 2023-08-15 11:26:46 VersionDetector:123 :getDriverVersionFromRepository - message:Exception reading https://chromedriver.storage.googleapis.com/LATEST_RELEASE_115 to get latest version of chromedriver (Error HTTP 404 executing https://chromedriver.storage.googleapis.com/LATEST_RELEASE_115)
[INFO ] 2023-08-15 11:26:46 WebDriverManager:1291 :exportDriver - message:Exporting webdriver.chrome.driver as C:\Users\Aguka\.cache\selenium\chromedriver\win32\114.0.5735.90\chromedriver.exe
[INFO ] 2023-08-15 11:26:46 BaseTest:43 :setUp - message:Tests will run at 1920x1080 in CHROME browser.
[INFO ] 2023-08-15 11:27:25 MainPage:77 :waitForPageLoading - message:Waiting for page loading
[INFO ] 2023-08-15 11:27:25 MainPage:83 :switchToFrame - message:Switch to frame
[INFO ] 2023-08-15 11:27:25 MainPage:148 :clickPricesDrop - message:Click button prices drop
[INFO ] 2023-08-15 11:27:26 PricesDropPage:22 :getPricesDropProduct - message:Get list prices product
]]></system-out>
    <system-err><![CDATA[Aug 15, 2023 11:26:46 AM org.openqa.selenium.remote.service.DriverService$Builder getLogOutput
INFO: Driver logs no longer sent to console by default; https://www.selenium.dev/documentation/webdriver/drivers/service/#setting-log-output
Aug 15, 2023 11:26:46 AM org.openqa.selenium.devtools.CdpVersionFinder findNearestMatch
WARNING: Unable to find an exact match for CDP version 115, so returning the closest version found: 114
]]></system-err>
  </testcase>
  <testcase name="registrationWithValidData" classname="RegistrationWithInvalidDataTest" time="1.883">
    <system-out><![CDATA[[ERROR] 2023-08-15 11:27:27 HttpClient:176 :execute - message:Error HTTP 404 executing https://chromedriver.storage.googleapis.com/LATEST_RELEASE_115
[WARN ] 2023-08-15 11:27:27 VersionDetector:123 :getDriverVersionFromRepository - message:Exception reading https://chromedriver.storage.googleapis.com/LATEST_RELEASE_115 to get latest version of chromedriver (Error HTTP 404 executing https://chromedriver.storage.googleapis.com/LATEST_RELEASE_115)
[INFO ] 2023-08-15 11:27:27 WebDriverManager:1291 :exportDriver - message:Exporting webdriver.chrome.driver as C:\Users\Aguka\.cache\selenium\chromedriver\win32\114.0.5735.90\chromedriver.exe
[INFO ] 2023-08-15 11:27:28 BaseTest:43 :setUp - message:Tests will run at 1920x1080 in CHROME browser.
[INFO ] 2023-08-15 11:27:29 MainPage:77 :waitForPageLoading - message:Waiting for page loading
[INFO ] 2023-08-15 11:27:29 MainPage:83 :switchToFrame - message:Switch to frame
[INFO ] 2023-08-15 11:27:29 MainPage:131 :clickButtonSignIn - message:Clicking button Sign In
[INFO ] 2023-08-15 11:27:29 LoginPage:48 :clickNotAccount - message:Clicking button not account
[INFO ] 2023-08-15 11:27:31 LoginPage:98 :isInvalidFieldMustBeRed - message:Is invalid field must be red
[INFO ] 2023-08-15 11:27:31 LoginPage:93 :getMessageAlertInvalidFormat - message:Getting message alert invalid format
]]></system-out>
    <system-err><![CDATA[Aug 15, 2023 11:27:27 AM org.openqa.selenium.remote.service.DriverService$Builder getLogOutput
INFO: Driver logs no longer sent to console by default; https://www.selenium.dev/documentation/webdriver/drivers/service/#setting-log-output
Aug 15, 2023 11:27:28 AM org.openqa.selenium.devtools.CdpVersionFinder findNearestMatch
WARNING: Unable to find an exact match for CDP version 115, so returning the closest version found: 114
]]></system-err>
  </testcase>
  <testcase name="registrationWithValidData" classname="RegistrationWithValidDataTest" time="4.318">
    <system-out><![CDATA[[ERROR] 2023-08-15 11:27:31 HttpClient:176 :execute - message:Error HTTP 404 executing https://chromedriver.storage.googleapis.com/LATEST_RELEASE_115
[WARN ] 2023-08-15 11:27:31 VersionDetector:123 :getDriverVersionFromRepository - message:Exception reading https://chromedriver.storage.googleapis.com/LATEST_RELEASE_115 to get latest version of chromedriver (Error HTTP 404 executing https://chromedriver.storage.googleapis.com/LATEST_RELEASE_115)
[INFO ] 2023-08-15 11:27:32 WebDriverManager:1291 :exportDriver - message:Exporting webdriver.chrome.driver as C:\Users\Aguka\.cache\selenium\chromedriver\win32\114.0.5735.90\chromedriver.exe
[INFO ] 2023-08-15 11:27:32 BaseTest:43 :setUp - message:Tests will run at 1920x1080 in CHROME browser.
[INFO ] 2023-08-15 11:28:10 MainPage:77 :waitForPageLoading - message:Waiting for page loading
[INFO ] 2023-08-15 11:28:10 MainPage:83 :switchToFrame - message:Switch to frame
[INFO ] 2023-08-15 11:28:10 MainPage:131 :clickButtonSignIn - message:Clicking button Sign In
[INFO ] 2023-08-15 11:28:11 LoginPage:48 :clickNotAccount - message:Clicking button not account
[INFO ] 2023-08-15 11:28:12 LoginPage:87 :getDisplayedUserName - message:Get displayed user name
]]></system-out>
    <system-err><![CDATA[Aug 15, 2023 11:27:32 AM org.openqa.selenium.remote.service.DriverService$Builder getLogOutput
INFO: Driver logs no longer sent to console by default; https://www.selenium.dev/documentation/webdriver/drivers/service/#setting-log-output
Aug 15, 2023 11:27:32 AM org.openqa.selenium.devtools.CdpVersionFinder findNearestMatch
WARNING: Unable to find an exact match for CDP version 115, so returning the closest version found: 114
]]></system-err>
  </testcase>
  <testcase name="checkoutEndToEnd" classname="CheckoutEndToEndTest" time="35.619">
    <system-out><![CDATA[[INFO ] 2023-08-15 11:28:15 MainPage:77 :waitForPageLoading - message:Waiting for page loading
[INFO ] 2023-08-15 11:28:15 MainPage:83 :switchToFrame - message:Switch to frame
[INFO ] 2023-08-15 11:28:15 MainPage:160 :setFieldSearch - message:Set field search and enter
[ERROR] 2023-08-15 11:28:15 HttpClient:176 :execute - message:Error HTTP 404 executing https://chromedriver.storage.googleapis.com/LATEST_RELEASE_115
[WARN ] 2023-08-15 11:28:15 VersionDetector:123 :getDriverVersionFromRepository - message:Exception reading https://chromedriver.storage.googleapis.com/LATEST_RELEASE_115 to get latest version of chromedriver (Error HTTP 404 executing https://chromedriver.storage.googleapis.com/LATEST_RELEASE_115)
[INFO ] 2023-08-15 11:28:15 WebDriverManager:1291 :exportDriver - message:Exporting webdriver.chrome.driver as C:\Users\Aguka\.cache\selenium\chromedriver\win32\114.0.5735.90\chromedriver.exe
[INFO ] 2023-08-15 11:28:16 ResultSearchPage:204 :clickCustomizableMug - message:Click Customizable Mug
[INFO ] 2023-08-15 11:28:16 BaseTest:43 :setUp - message:Tests will run at 1920x1080 in CHROME browser.
[INFO ] 2023-08-15 11:28:19 ResultSearchPage:210 :setInputProductMessage - message:Set input product message
[INFO ] 2023-08-15 11:28:19 ResultSearchPage:216 :clickButtonCustomizedData - message:Click button customized data
[INFO ] 2023-08-15 11:28:22 ResultSearchPage:222 :clickAddToCard - message:click add to card
[INFO ] 2023-08-15 11:28:22 ResultSearchPage:228 :clickButtonContinueShopping - message:Click button continue shopping
[INFO ] 2023-08-15 11:28:23 ResultSearchPage:235 :setFieldSearch - message:Setting field search and click ENTER
[INFO ] 2023-08-15 11:28:24 ResultSearchPage:243 :clickTShirtHummingbirdPrinted - message:Click T-shirt Humming printed
[INFO ] 2023-08-15 11:28:25 ResultSearchPage:249 :clickTShirtHummingbirdPrintedBlackColour - message:Choice of colour T-Shirt black
[INFO ] 2023-08-15 11:28:25 ResultSearchPage:222 :clickAddToCard - message:click add to card
[INFO ] 2023-08-15 11:28:25 ResultSearchPage:255 :clickButtonProceedToCheckout - message:click Button Proceed To Checkout
[INFO ] 2023-08-15 11:28:27 ResultSearchPage:262 :getCurrentTotalPriceValue - message:get Current Total Price Value
39.62
[INFO ] 2023-08-15 11:28:27 ResultSearchPage:267 :getTotalPriceAllProducts - message:get Total Price All Products
[INFO ] 2023-08-15 11:28:27 ResultSearchPage:255 :clickButtonProceedToCheckout - message:click Button Proceed To Checkout
[INFO ] 2023-08-15 11:28:30 ResultSearchPage:302 :clickButtonContinue - message:Click Button Continue
[INFO ] 2023-08-15 11:28:35 ResultSearchPage:345 :setSelectCountry - message:set Select Country
[INFO ] 2023-08-15 11:28:35 ResultSearchPage:308 :clickButtonContinueAddresses - message:Click Button Continue Addresses
[INFO ] 2023-08-15 11:28:41 ResultSearchPage:332 :clickInputMyCarrier - message:click Input My Carrier
[INFO ] 2023-08-15 11:28:43 ResultSearchPage:339 :clickContinueShippingMethod - message:click Continue Shipping Method
[INFO ] 2023-08-15 11:28:47 ResultSearchPage:352 :clickPayByCheck - message:click Pay By Check
[INFO ] 2023-08-15 11:28:48 ResultSearchPage:375 :getAmount - message:get Amount
[INFO ] 2023-08-15 11:28:48 ResultSearchPage:365 :getSubTotal - message:Get subtotal
[INFO ] 2023-08-15 11:28:48 ResultSearchPage:370 :getShipping - message:Get Shipping
[INFO ] 2023-08-15 11:28:48 ResultSearchPage:359 :clickIAgree - message:click I Agree...
[INFO ] 2023-08-15 11:28:48 ResultSearchPage:382 :clickPlaceOrder - message:click Place Order
]]></system-out>
    <system-err><![CDATA[Aug 15, 2023 11:28:15 AM org.openqa.selenium.remote.service.DriverService$Builder getLogOutput
INFO: Driver logs no longer sent to console by default; https://www.selenium.dev/documentation/webdriver/drivers/service/#setting-log-output
Aug 15, 2023 11:28:16 AM org.openqa.selenium.devtools.CdpVersionFinder findNearestMatch
WARNING: Unable to find an exact match for CDP version 115, so returning the closest version found: 114
]]></system-err>
  </testcase>
  <testcase name="sortingCheck" classname="SortingCheckTest" time="1.383">
    <failure type="java.lang.StackOverflowError"><![CDATA[java.lang.StackOverflowError
	at pages.HomePage.waitSeconds(HomePage.java:45)
	at pages.HomePage.waitSeconds(HomePage.java:45)
	at pages.HomePage.waitSeconds(HomePage.java:45)
	at pages.HomePage.waitSeconds(HomePage.java:45)
	at pages.HomePage.waitSeconds(HomePage.java:45)
	at pages.HomePage.waitSeconds(HomePage.java:45)
	at pages.HomePage.waitSeconds(HomePage.java:45)
	at pages.HomePage.waitSeconds(HomePage.java:45)
	at pages.HomePage.waitSeconds(HomePage.java:45)
	at pages.HomePage.waitSeconds(HomePage.java:45)
	at pages.HomePage.waitSeconds(HomePage.java:45)
	at pages.HomePage.waitSeconds(HomePage.java:45)
	at pages.HomePage.waitSeconds(HomePage.java:45)
	at pages.HomePage.waitSeconds(HomePage.java:45)
	at pages.HomePage.waitSeconds(HomePage.java:45)
	at pages.HomePage.waitSeconds(HomePage.java:45)
	at pages.HomePage.waitSeconds(HomePage.java:45)
	at pages.HomePage.waitSeconds(HomePage.java:45)
	at pages.HomePage.waitSeconds(HomePage.java:45)
	at pages.HomePage.waitSeconds(HomePage.java:45)
	at pages.HomePage.waitSeconds(HomePage.java:45)
	at pages.HomePage.waitSeconds(HomePage.java:45)
	at pages.HomePage.waitSeconds(HomePage.java:45)
	at pages.HomePage.waitSeconds(HomePage.java:45)
	at pages.HomePage.waitSeconds(HomePage.java:45)
	at pages.HomePage.waitSeconds(HomePage.java:45)
	at pages.HomePage.waitSeconds(HomePage.java:45)
	at pages.HomePage.waitSeconds(HomePage.java:45)
	at pages.HomePage.waitSeconds(HomePage.java:45)
	at pages.HomePage.waitSeconds(HomePage.java:45)
	at pages.HomePage.waitSeconds(HomePage.java:45)
	at pages.HomePage.waitSeconds(HomePage.java:45)
	at pages.HomePage.waitSeconds(HomePage.java:45)
	at pages.HomePage.waitSeconds(HomePage.java:45)
	at pages.HomePage.waitSeconds(HomePage.java:45)
	at pages.HomePage.waitSeconds(HomePage.java:45)
	at pages.HomePage.waitSeconds(HomePage.java:45)
	at pages.HomePage.waitSeconds(HomePage.java:45)
	at pages.HomePage.waitSeconds(HomePage.java:45)
	at pages.HomePage.waitSeconds(HomePage.java:45)
	at pages.HomePage.waitSeconds(HomePage.java:45)
	at pages.HomePage.waitSeconds(HomePage.java:45)
	at pages.HomePage.waitSeconds(HomePage.java:45)
	at pages.HomePage.waitSeconds(HomePage.java:45)
	at pages.HomePage.waitSeconds(HomePage.java:45)
	at pages.HomePage.waitSeconds(HomePage.java:45)
	at pages.HomePage.waitSeconds(HomePage.java:45)
	at pages.HomePage.waitSeconds(HomePage.java:45)
	at pages.HomePage.waitSeconds(HomePage.java:45)
	at pages.HomePage.waitSeconds(HomePage.java:45)
	at pages.HomePage.waitSeconds(HomePage.java:45)
	at pages.HomePage.waitSeconds(HomePage.java:45)
	at pages.HomePage.waitSeconds(HomePage.java:45)
	at pages.HomePage.waitSeconds(HomePage.java:45)
	at pages.HomePage.waitSeconds(HomePage.java:45)
	at pages.HomePage.waitSeconds(HomePage.java:45)
	at pages.HomePage.waitSeconds(HomePage.java:45)
	at pages.HomePage.waitSeconds(HomePage.java:45)
	at pages.HomePage.waitSeconds(HomePage.java:45)
	at pages.HomePage.waitSeconds(HomePage.java:45)
	at pages.HomePage.waitSeconds(HomePage.java:45)
	at pages.HomePage.waitSeconds(HomePage.java:45)
	at pages.HomePage.waitSeconds(HomePage.java:45)
	at pages.HomePage.waitSeconds(HomePage.java:45)
	at pages.HomePage.waitSeconds(HomePage.java:45)
	at pages.HomePage.waitSeconds(HomePage.java:45)
	at pages.HomePage.waitSeconds(HomePage.java:45)
	at pages.HomePage.waitSeconds(HomePage.java:45)
	at pages.HomePage.waitSeconds(HomePage.java:45)
	at pages.HomePage.waitSeconds(HomePage.java:45)
	at pages.HomePage.waitSeconds(HomePage.java:45)
	at pages.HomePage.waitSeconds(HomePage.java:45)
	at pages.HomePage.waitSeconds(HomePage.java:45)
	at pages.HomePage.waitSeconds(HomePage.java:45)
	at pages.HomePage.waitSeconds(HomePage.java:45)
	at pages.HomePage.waitSeconds(HomePage.java:45)
	at pages.HomePage.waitSeconds(HomePage.java:45)
	at pages.HomePage.waitSeconds(HomePage.java:45)
	at pages.HomePage.waitSeconds(HomePage.java:45)
	at pages.HomePage.waitSeconds(HomePage.java:45)
	at pages.HomePage.waitSeconds(HomePage.java:45)
	at pages.HomePage.waitSeconds(HomePage.java:45)
	at pages.HomePage.waitSeconds(HomePage.java:45)
	at pages.HomePage.waitSeconds(HomePage.java:45)
	at pages.HomePage.waitSeconds(HomePage.java:45)
	at pages.HomePage.waitSeconds(HomePage.java:45)
	at pages.HomePage.waitSeconds(HomePage.java:45)
	at pages.HomePage.waitSeconds(HomePage.java:45)
	at pages.HomePage.waitSeconds(HomePage.java:45)
	at pages.HomePage.waitSeconds(HomePage.java:45)
	at pages.HomePage.waitSeconds(HomePage.java:45)
	at pages.HomePage.waitSeconds(HomePage.java:45)
	at pages.HomePage.waitSeconds(HomePage.java:45)
	at pages.HomePage.waitSeconds(HomePage.java:45)
	at pages.HomePage.waitSeconds(HomePage.java:45)
	at pages.HomePage.waitSeconds(HomePage.java:45)
	at pages.HomePage.waitSeconds(HomePage.java:45)
	at pages.HomePage.waitSeconds(HomePage.java:45)
	at pages.HomePage.waitSeconds(HomePage.java:45)
	at pages.HomePage.waitSeconds(HomePage.java:45)
	at pages.HomePage.waitSeconds(HomePage.java:45)
	at pages.HomePage.waitSeconds(HomePage.java:45)
	at pages.HomePage.waitSeconds(HomePage.java:45)
	at pages.HomePage.waitSeconds(HomePage.java:45)
	at pages.HomePage.waitSeconds(HomePage.java:45)
	at pages.HomePage.waitSeconds(HomePage.java:45)
	at pages.HomePage.waitSeconds(HomePage.java:45)
	at pages.HomePage.waitSeconds(HomePage.java:45)
	at pages.HomePage.waitSeconds(HomePage.java:45)
	at pages.HomePage.waitSeconds(HomePage.java:45)
	at pages.HomePage.waitSeconds(HomePage.java:45)
	at pages.HomePage.waitSeconds(HomePage.java:45)
	at pages.HomePage.waitSeconds(HomePage.java:45)
	at pages.HomePage.waitSeconds(HomePage.java:45)
	at pages.HomePage.waitSeconds(HomePage.java:45)
	at pages.HomePage.waitSeconds(HomePage.java:45)
	at pages.HomePage.waitSeconds(HomePage.java:45)
	at pages.HomePage.waitSeconds(HomePage.java:45)
	at pages.HomePage.waitSeconds(HomePage.java:45)
	at pages.HomePage.waitSeconds(HomePage.java:45)
	at pages.HomePage.waitSeconds(HomePage.java:45)
	at pages.HomePage.waitSeconds(HomePage.java:45)
	at pages.HomePage.waitSeconds(HomePage.java:45)
	at pages.HomePage.waitSeconds(HomePage.java:45)
	at pages.HomePage.waitSeconds(HomePage.java:45)
	at pages.HomePage.waitSeconds(HomePage.java:45)
	at pages.HomePage.waitSeconds(HomePage.java:45)
	at pages.HomePage.waitSeconds(HomePage.java:45)
	at pages.HomePage.waitSeconds(HomePage.java:45)
	at pages.HomePage.waitSeconds(HomePage.java:45)
	at pages.HomePage.waitSeconds(HomePage.java:45)
	at pages.HomePage.waitSeconds(HomePage.java:45)
	at pages.HomePage.waitSeconds(HomePage.java:45)
	at pages.HomePage.waitSeconds(HomePage.java:45)
	at pages.HomePage.waitSeconds(HomePage.java:45)
	at pages.HomePage.waitSeconds(HomePage.java:45)
	at pages.HomePage.waitSeconds(HomePage.java:45)
	at pages.HomePage.waitSeconds(HomePage.java:45)
	at pages.HomePage.waitSeconds(HomePage.java:45)
	at pages.HomePage.waitSeconds(HomePage.java:45)
	at pages.HomePage.waitSeconds(HomePage.java:45)
	at pages.HomePage.waitSeconds(HomePage.java:45)
	at pages.HomePage.waitSeconds(HomePage.java:45)
	at pages.HomePage.waitSeconds(HomePage.java:45)
	at pages.HomePage.waitSeconds(HomePage.java:45)
	at pages.HomePage.waitSeconds(HomePage.java:45)
	at pages.HomePage.waitSeconds(HomePage.java:45)
	at pages.HomePage.waitSeconds(HomePage.java:45)
	at pages.HomePage.waitSeconds(HomePage.java:45)
	at pages.HomePage.waitSeconds(HomePage.java:45)
	at pages.HomePage.waitSeconds(HomePage.java:45)
	at pages.HomePage.waitSeconds(HomePage.java:45)
	at pages.HomePage.waitSeconds(HomePage.java:45)
	at pages.HomePage.waitSeconds(HomePage.java:45)
	at pages.HomePage.waitSeconds(HomePage.java:45)
	at pages.HomePage.waitSeconds(HomePage.java:45)
	at pages.HomePage.waitSeconds(HomePage.java:45)
	at pages.HomePage.waitSeconds(HomePage.java:45)
	at pages.HomePage.waitSeconds(HomePage.java:45)
	at pages.HomePage.waitSeconds(HomePage.java:45)
	at pages.HomePage.waitSeconds(HomePage.java:45)
	at pages.HomePage.waitSeconds(HomePage.java:45)
	at pages.HomePage.waitSeconds(HomePage.java:45)
	at pages.HomePage.waitSeconds(HomePage.java:45)
	at pages.HomePage.waitSeconds(HomePage.java:45)
	at pages.HomePage.waitSeconds(HomePage.java:45)
	at pages.HomePage.waitSeconds(HomePage.java:45)
	at pages.HomePage.waitSeconds(HomePage.java:45)
	at pages.HomePage.waitSeconds(HomePage.java:45)
	at pages.HomePage.waitSeconds(HomePage.java:45)
	at pages.HomePage.waitSeconds(HomePage.java:45)
	at pages.HomePage.waitSeconds(HomePage.java:45)
	at pages.HomePage.waitSeconds(HomePage.java:45)
	at pages.HomePage.waitSeconds(HomePage.java:45)
	at pages.HomePage.waitSeconds(HomePage.java:45)
	at pages.HomePage.waitSeconds(HomePage.java:45)
	at pages.HomePage.waitSeconds(HomePage.java:45)
	at pages.HomePage.waitSeconds(HomePage.java:45)
	at pages.HomePage.waitSeconds(HomePage.java:45)
	at pages.HomePage.waitSeconds(HomePage.java:45)
	at pages.HomePage.waitSeconds(HomePage.java:45)
	at pages.HomePage.waitSeconds(HomePage.java:45)
	at pages.HomePage.waitSeconds(HomePage.java:45)
	at pages.HomePage.waitSeconds(HomePage.java:45)
	at pages.HomePage.waitSeconds(HomePage.java:45)
	at pages.HomePage.waitSeconds(HomePage.java:45)
	at pages.HomePage.waitSeconds(HomePage.java:45)
	at pages.HomePage.waitSeconds(HomePage.java:45)
	at pages.HomePage.waitSeconds(HomePage.java:45)
	at pages.HomePage.waitSeconds(HomePage.java:45)
	at pages.HomePage.waitSeconds(HomePage.java:45)
	at pages.HomePage.waitSeconds(HomePage.java:45)
	at pages.HomePage.waitSeconds(HomePage.java:45)
	at pages.HomePage.waitSeconds(HomePage.java:45)
	at pages.HomePage.waitSeconds(HomePage.java:45)
	at pages.HomePage.waitSeconds(HomePage.java:45)
	at pages.HomePage.waitSeconds(HomePage.java:45)
	at pages.HomePage.waitSeconds(HomePage.java:45)
	at pages.HomePage.waitSeconds(HomePage.java:45)
	at pages.HomePage.waitSeconds(HomePage.java:45)
	at pages.HomePage.waitSeconds(HomePage.java:45)
	at pages.HomePage.waitSeconds(HomePage.java:45)
	at pages.HomePage.waitSeconds(HomePage.java:45)
	at pages.HomePage.waitSeconds(HomePage.java:45)
	at pages.HomePage.waitSeconds(HomePage.java:45)
	at pages.HomePage.waitSeconds(HomePage.java:45)
	at pages.HomePage.waitSeconds(HomePage.java:45)
	at pages.HomePage.waitSeconds(HomePage.java:45)
	at pages.HomePage.waitSeconds(HomePage.java:45)
	at pages.HomePage.waitSeconds(HomePage.java:45)
	at pages.HomePage.waitSeconds(HomePage.java:45)
	at pages.HomePage.waitSeconds(HomePage.java:45)
	at pages.HomePage.waitSeconds(HomePage.java:45)
	at pages.HomePage.waitSeconds(HomePage.java:45)
	at pages.HomePage.waitSeconds(HomePage.java:45)
	at pages.HomePage.waitSeconds(HomePage.java:45)
	at pages.HomePage.waitSeconds(HomePage.java:45)
	at pages.HomePage.waitSeconds(HomePage.java:45)
	at pages.HomePage.waitSeconds(HomePage.java:45)
	at pages.HomePage.waitSeconds(HomePage.java:45)
	at pages.HomePage.waitSeconds(HomePage.java:45)
	at pages.HomePage.waitSeconds(HomePage.java:45)
	at pages.HomePage.waitSeconds(HomePage.java:45)
	at pages.HomePage.waitSeconds(HomePage.java:45)
	at pages.HomePage.waitSeconds(HomePage.java:45)
	at pages.HomePage.waitSeconds(HomePage.java:45)
	at pages.HomePage.waitSeconds(HomePage.java:45)
	at pages.HomePage.waitSeconds(HomePage.java:45)
	at pages.HomePage.waitSeconds(HomePage.java:45)
	at pages.HomePage.waitSeconds(HomePage.java:45)
	at pages.HomePage.waitSeconds(HomePage.java:45)
	at pages.HomePage.waitSeconds(HomePage.java:45)
	at pages.HomePage.waitSeconds(HomePage.java:45)
	at pages.HomePage.waitSeconds(HomePage.java:45)
	at pages.HomePage.waitSeconds(HomePage.java:45)
	at pages.HomePage.waitSeconds(HomePage.java:45)
	at pages.HomePage.waitSeconds(HomePage.java:45)
	at pages.HomePage.waitSeconds(HomePage.java:45)
	at pages.HomePage.waitSeconds(HomePage.java:45)
	at pages.HomePage.waitSeconds(HomePage.java:45)
	at pages.HomePage.waitSeconds(HomePage.java:45)
	at pages.HomePage.waitSeconds(HomePage.java:45)
	at pages.HomePage.waitSeconds(HomePage.java:45)
	at pages.HomePage.waitSeconds(HomePage.java:45)
	at pages.HomePage.waitSeconds(HomePage.java:45)
	at pages.HomePage.waitSeconds(HomePage.java:45)
	at pages.HomePage.waitSeconds(HomePage.java:45)
	at pages.HomePage.waitSeconds(HomePage.java:45)
	at pages.HomePage.waitSeconds(HomePage.java:45)
	at pages.HomePage.waitSeconds(HomePage.java:45)
	at pages.HomePage.waitSeconds(HomePage.java:45)
	at pages.HomePage.waitSeconds(HomePage.java:45)
	at pages.HomePage.waitSeconds(HomePage.java:45)
	at pages.HomePage.waitSeconds(HomePage.java:45)
	at pages.HomePage.waitSeconds(HomePage.java:45)
	at pages.HomePage.waitSeconds(HomePage.java:45)
	at pages.HomePage.waitSeconds(HomePage.java:45)
	at pages.HomePage.waitSeconds(HomePage.java:45)
	at pages.HomePage.waitSeconds(HomePage.java:45)
	at pages.HomePage.waitSeconds(HomePage.java:45)
	at pages.HomePage.waitSeconds(HomePage.java:45)
	at pages.HomePage.waitSeconds(HomePage.java:45)
	at pages.HomePage.waitSeconds(HomePage.java:45)
	at pages.HomePage.waitSeconds(HomePage.java:45)
	at pages.HomePage.waitSeconds(HomePage.java:45)
	at pages.HomePage.waitSeconds(HomePage.java:45)
	at pages.HomePage.waitSeconds(HomePage.java:45)
	at pages.HomePage.waitSeconds(HomePage.java:45)
	at pages.HomePage.waitSeconds(HomePage.java:45)
	at pages.HomePage.waitSeconds(HomePage.java:45)
	at pages.HomePage.waitSeconds(HomePage.java:45)
	at pages.HomePage.waitSeconds(HomePage.java:45)
	at pages.HomePage.waitSeconds(HomePage.java:45)
	at pages.HomePage.waitSeconds(HomePage.java:45)
	at pages.HomePage.waitSeconds(HomePage.java:45)
	at pages.HomePage.waitSeconds(HomePage.java:45)
	at pages.HomePage.waitSeconds(HomePage.java:45)
	at pages.HomePage.waitSeconds(HomePage.java:45)
	at pages.HomePage.waitSeconds(HomePage.java:45)
	at pages.HomePage.waitSeconds(HomePage.java:45)
	at pages.HomePage.waitSeconds(HomePage.java:45)
	at pages.HomePage.waitSeconds(HomePage.java:45)
	at pages.HomePage.waitSeconds(HomePage.java:45)
	at pages.HomePage.waitSeconds(HomePage.java:45)
	at pages.HomePage.waitSeconds(HomePage.java:45)
	at pages.HomePage.waitSeconds(HomePage.java:45)
	at pages.HomePage.waitSeconds(HomePage.java:45)
	at pages.HomePage.waitSeconds(HomePage.java:45)
	at pages.HomePage.waitSeconds(HomePage.java:45)
	at pages.HomePage.waitSeconds(HomePage.java:45)
	at pages.HomePage.waitSeconds(HomePage.java:45)
	at pages.HomePage.waitSeconds(HomePage.java:45)
	at pages.HomePage.waitSeconds(HomePage.java:45)
	at pages.HomePage.waitSeconds(HomePage.java:45)
	at pages.HomePage.waitSeconds(HomePage.java:45)
	at pages.HomePage.waitSeconds(HomePage.java:45)
	at pages.HomePage.waitSeconds(HomePage.java:45)
	at pages.HomePage.waitSeconds(HomePage.java:45)
	at pages.HomePage.waitSeconds(HomePage.java:45)
	at pages.HomePage.waitSeconds(HomePage.java:45)
	at pages.HomePage.waitSeconds(HomePage.java:45)
	at pages.HomePage.waitSeconds(HomePage.java:45)
	at pages.HomePage.waitSeconds(HomePage.java:45)
	at pages.HomePage.waitSeconds(HomePage.java:45)
	at pages.HomePage.waitSeconds(HomePage.java:45)
	at pages.HomePage.waitSeconds(HomePage.java:45)
	at pages.HomePage.waitSeconds(HomePage.java:45)
	at pages.HomePage.waitSeconds(HomePage.java:45)
	at pages.HomePage.waitSeconds(HomePage.java:45)
	at pages.HomePage.waitSeconds(HomePage.java:45)
	at pages.HomePage.waitSeconds(HomePage.java:45)
	at pages.HomePage.waitSeconds(HomePage.java:45)
	at pages.HomePage.waitSeconds(HomePage.java:45)
	at pages.HomePage.waitSeconds(HomePage.java:45)
	at pages.HomePage.waitSeconds(HomePage.java:45)
	at pages.HomePage.waitSeconds(HomePage.java:45)
	at pages.HomePage.waitSeconds(HomePage.java:45)
	at pages.HomePage.waitSeconds(HomePage.java:45)
	at pages.HomePage.waitSeconds(HomePage.java:45)
	at pages.HomePage.waitSeconds(HomePage.java:45)
	at pages.HomePage.waitSeconds(HomePage.java:45)
	at pages.HomePage.waitSeconds(HomePage.java:45)
	at pages.HomePage.waitSeconds(HomePage.java:45)
	at pages.HomePage.waitSeconds(HomePage.java:45)
	at pages.HomePage.waitSeconds(HomePage.java:45)
	at pages.HomePage.waitSeconds(HomePage.java:45)
	at pages.HomePage.waitSeconds(HomePage.java:45)
	at pages.HomePage.waitSeconds(HomePage.java:45)
	at pages.HomePage.waitSeconds(HomePage.java:45)
	at pages.HomePage.waitSeconds(HomePage.java:45)
	at pages.HomePage.waitSeconds(HomePage.java:45)
	at pages.HomePage.waitSeconds(HomePage.java:45)
	at pages.HomePage.waitSeconds(HomePage.java:45)
	at pages.HomePage.waitSeconds(HomePage.java:45)
	at pages.HomePage.waitSeconds(HomePage.java:45)
	at pages.HomePage.waitSeconds(HomePage.java:45)
	at pages.HomePage.waitSeconds(HomePage.java:45)
	at pages.HomePage.waitSeconds(HomePage.java:45)
	at pages.HomePage.waitSeconds(HomePage.java:45)
	at pages.HomePage.waitSeconds(HomePage.java:45)
	at pages.HomePage.waitSeconds(HomePage.java:45)
	at pages.HomePage.waitSeconds(HomePage.java:45)
	at pages.HomePage.waitSeconds(HomePage.java:45)
	at pages.HomePage.waitSeconds(HomePage.java:45)
	at pages.HomePage.waitSeconds(HomePage.java:45)
	at pages.HomePage.waitSeconds(HomePage.java:45)
	at pages.HomePage.waitSeconds(HomePage.java:45)
	at pages.HomePage.waitSeconds(HomePage.java:45)
	at pages.HomePage.waitSeconds(HomePage.java:45)
	at pages.HomePage.waitSeconds(HomePage.java:45)
	at pages.HomePage.waitSeconds(HomePage.java:45)
	at pages.HomePage.waitSeconds(HomePage.java:45)
	at pages.HomePage.waitSeconds(HomePage.java:45)
	at pages.HomePage.waitSeconds(HomePage.java:45)
	at pages.HomePage.waitSeconds(HomePage.java:45)
	at pages.HomePage.waitSeconds(HomePage.java:45)
	at pages.HomePage.waitSeconds(HomePage.java:45)
	at pages.HomePage.waitSeconds(HomePage.java:45)
	at pages.HomePage.waitSeconds(HomePage.java:45)
	at pages.HomePage.waitSeconds(HomePage.java:45)
	at pages.HomePage.waitSeconds(HomePage.java:45)
	at pages.HomePage.waitSeconds(HomePage.java:45)
	at pages.HomePage.waitSeconds(HomePage.java:45)
	at pages.HomePage.waitSeconds(HomePage.java:45)
	at pages.HomePage.waitSeconds(HomePage.java:45)
	at pages.HomePage.waitSeconds(HomePage.java:45)
	at pages.HomePage.waitSeconds(HomePage.java:45)
	at pages.HomePage.waitSeconds(HomePage.java:45)
	at pages.HomePage.waitSeconds(HomePage.java:45)
	at pages.HomePage.waitSeconds(HomePage.java:45)
	at pages.HomePage.waitSeconds(HomePage.java:45)
	at pages.HomePage.waitSeconds(HomePage.java:45)
	at pages.HomePage.waitSeconds(HomePage.java:45)
	at pages.HomePage.waitSeconds(HomePage.java:45)
	at pages.HomePage.waitSeconds(HomePage.java:45)
	at pages.HomePage.waitSeconds(HomePage.java:45)
	at pages.HomePage.waitSeconds(HomePage.java:45)
	at pages.HomePage.waitSeconds(HomePage.java:45)
	at pages.HomePage.waitSeconds(HomePage.java:45)
	at pages.HomePage.waitSeconds(HomePage.java:45)
	at pages.HomePage.waitSeconds(HomePage.java:45)
	at pages.HomePage.waitSeconds(HomePage.java:45)
	at pages.HomePage.waitSeconds(HomePage.java:45)
	at pages.HomePage.waitSeconds(HomePage.java:45)
	at pages.HomePage.waitSeconds(HomePage.java:45)
	at pages.HomePage.waitSeconds(HomePage.java:45)
	at pages.HomePage.waitSeconds(HomePage.java:45)
	at pages.HomePage.waitSeconds(HomePage.java:45)
	at pages.HomePage.waitSeconds(HomePage.java:45)
	at pages.HomePage.waitSeconds(HomePage.java:45)
	at pages.HomePage.waitSeconds(HomePage.java:45)
	at pages.HomePage.waitSeconds(HomePage.java:45)
	at pages.HomePage.waitSeconds(HomePage.java:45)
	at pages.HomePage.waitSeconds(HomePage.java:45)
	at pages.HomePage.waitSeconds(HomePage.java:45)
	at pages.HomePage.waitSeconds(HomePage.java:45)
	at pages.HomePage.waitSeconds(HomePage.java:45)
	at pages.HomePage.waitSeconds(HomePage.java:45)
	at pages.HomePage.waitSeconds(HomePage.java:45)
	at pages.HomePage.waitSeconds(HomePage.java:45)
	at pages.HomePage.waitSeconds(HomePage.java:45)
	at pages.HomePage.waitSeconds(HomePage.java:45)
	at pages.HomePage.waitSeconds(HomePage.java:45)
	at pages.HomePage.waitSeconds(HomePage.java:45)
	at pages.HomePage.waitSeconds(HomePage.java:45)
	at pages.HomePage.waitSeconds(HomePage.java:45)
	at pages.HomePage.waitSeconds(HomePage.java:45)
	at pages.HomePage.waitSeconds(HomePage.java:45)
	at pages.HomePage.waitSeconds(HomePage.java:45)
	at pages.HomePage.waitSeconds(HomePage.java:45)
	at pages.HomePage.waitSeconds(HomePage.java:45)
	at pages.HomePage.waitSeconds(HomePage.java:45)
	at pages.HomePage.waitSeconds(HomePage.java:45)
	at pages.HomePage.waitSeconds(HomePage.java:45)
	at pages.HomePage.waitSeconds(HomePage.java:45)
	at pages.HomePage.waitSeconds(HomePage.java:45)
	at pages.HomePage.waitSeconds(HomePage.java:45)
	at pages.HomePage.waitSeconds(HomePage.java:45)
	at pages.HomePage.waitSeconds(HomePage.java:45)
	at pages.HomePage.waitSeconds(HomePage.java:45)
	at pages.HomePage.waitSeconds(HomePage.java:45)
	at pages.HomePage.waitSeconds(HomePage.java:45)
	at pages.HomePage.waitSeconds(HomePage.java:45)
	at pages.HomePage.waitSeconds(HomePage.java:45)
	at pages.HomePage.waitSeconds(HomePage.java:45)
	at pages.HomePage.waitSeconds(HomePage.java:45)
	at pages.HomePage.waitSeconds(HomePage.java:45)
	at pages.HomePage.waitSeconds(HomePage.java:45)
	at pages.HomePage.waitSeconds(HomePage.java:45)
	at pages.HomePage.waitSeconds(HomePage.java:45)
	at pages.HomePage.waitSeconds(HomePage.java:45)
	at pages.HomePage.waitSeconds(HomePage.java:45)
	at pages.HomePage.waitSeconds(HomePage.java:45)
	at pages.HomePage.waitSeconds(HomePage.java:45)
	at pages.HomePage.waitSeconds(HomePage.java:45)
	at pages.HomePage.waitSeconds(HomePage.java:45)
	at pages.HomePage.waitSeconds(HomePage.java:45)
	at pages.HomePage.waitSeconds(HomePage.java:45)
	at pages.HomePage.waitSeconds(HomePage.java:45)
	at pages.HomePage.waitSeconds(HomePage.java:45)
	at pages.HomePage.waitSeconds(HomePage.java:45)
	at pages.HomePage.waitSeconds(HomePage.java:45)
	at pages.HomePage.waitSeconds(HomePage.java:45)
	at pages.HomePage.waitSeconds(HomePage.java:45)
	at pages.HomePage.waitSeconds(HomePage.java:45)
	at pages.HomePage.waitSeconds(HomePage.java:45)
	at pages.HomePage.waitSeconds(HomePage.java:45)
	at pages.HomePage.waitSeconds(HomePage.java:45)
	at pages.HomePage.waitSeconds(HomePage.java:45)
	at pages.HomePage.waitSeconds(HomePage.java:45)
	at pages.HomePage.waitSeconds(HomePage.java:45)
	at pages.HomePage.waitSeconds(HomePage.java:45)
	at pages.HomePage.waitSeconds(HomePage.java:45)
	at pages.HomePage.waitSeconds(HomePage.java:45)
	at pages.HomePage.waitSeconds(HomePage.java:45)
	at pages.HomePage.waitSeconds(HomePage.java:45)
	at pages.HomePage.waitSeconds(HomePage.java:45)
	at pages.HomePage.waitSeconds(HomePage.java:45)
	at pages.HomePage.waitSeconds(HomePage.java:45)
	at pages.HomePage.waitSeconds(HomePage.java:45)
	at pages.HomePage.waitSeconds(HomePage.java:45)
	at pages.HomePage.waitSeconds(HomePage.java:45)
	at pages.HomePage.waitSeconds(HomePage.java:45)
	at pages.HomePage.waitSeconds(HomePage.java:45)
	at pages.HomePage.waitSeconds(HomePage.java:45)
	at pages.HomePage.waitSeconds(HomePage.java:45)
	at pages.HomePage.waitSeconds(HomePage.java:45)
	at pages.HomePage.waitSeconds(HomePage.java:45)
	at pages.HomePage.waitSeconds(HomePage.java:45)
	at pages.HomePage.waitSeconds(HomePage.java:45)
	at pages.HomePage.waitSeconds(HomePage.java:45)
	at pages.HomePage.waitSeconds(HomePage.java:45)
	at pages.HomePage.waitSeconds(HomePage.java:45)
	at pages.HomePage.waitSeconds(HomePage.java:45)
	at pages.HomePage.waitSeconds(HomePage.java:45)
	at pages.HomePage.waitSeconds(HomePage.java:45)
	at pages.HomePage.waitSeconds(HomePage.java:45)
	at pages.HomePage.waitSeconds(HomePage.java:45)
	at pages.HomePage.waitSeconds(HomePage.java:45)
	at pages.HomePage.waitSeconds(HomePage.java:45)
	at pages.HomePage.waitSeconds(HomePage.java:45)
	at pages.HomePage.waitSeconds(HomePage.java:45)
	at pages.HomePage.waitSeconds(HomePage.java:45)
	at pages.HomePage.waitSeconds(HomePage.java:45)
	at pages.HomePage.waitSeconds(HomePage.java:45)
	at pages.HomePage.waitSeconds(HomePage.java:45)
	at pages.HomePage.waitSeconds(HomePage.java:45)
	at pages.HomePage.waitSeconds(HomePage.java:45)
	at pages.HomePage.waitSeconds(HomePage.java:45)
	at pages.HomePage.waitSeconds(HomePage.java:45)
	at pages.HomePage.waitSeconds(HomePage.java:45)
	at pages.HomePage.waitSeconds(HomePage.java:45)
	at pages.HomePage.waitSeconds(HomePage.java:45)
	at pages.HomePage.waitSeconds(HomePage.java:45)
	at pages.HomePage.waitSeconds(HomePage.java:45)
	at pages.HomePage.waitSeconds(HomePage.java:45)
	at pages.HomePage.waitSeconds(HomePage.java:45)
	at pages.HomePage.waitSeconds(HomePage.java:45)
	at pages.HomePage.waitSeconds(HomePage.java:45)
	at pages.HomePage.waitSeconds(HomePage.java:45)
	at pages.HomePage.waitSeconds(HomePage.java:45)
	at pages.HomePage.waitSeconds(HomePage.java:45)
	at pages.HomePage.waitSeconds(HomePage.java:45)
	at pages.HomePage.waitSeconds(HomePage.java:45)
	at pages.HomePage.waitSeconds(HomePage.java:45)
	at pages.HomePage.waitSeconds(HomePage.java:45)
	at pages.HomePage.waitSeconds(HomePage.java:45)
	at pages.HomePage.waitSeconds(HomePage.java:45)
	at pages.HomePage.waitSeconds(HomePage.java:45)
	at pages.HomePage.waitSeconds(HomePage.java:45)
	at pages.HomePage.waitSeconds(HomePage.java:45)
	at pages.HomePage.waitSeconds(HomePage.java:45)
	at pages.HomePage.waitSeconds(HomePage.java:45)
	at pages.HomePage.waitSeconds(HomePage.java:45)
	at pages.HomePage.waitSeconds(HomePage.java:45)
	at pages.HomePage.waitSeconds(HomePage.java:45)
	at pages.HomePage.waitSeconds(HomePage.java:45)
	at pages.HomePage.waitSeconds(HomePage.java:45)
	at pages.HomePage.waitSeconds(HomePage.java:45)
	at pages.HomePage.waitSeconds(HomePage.java:45)
	at pages.HomePage.waitSeconds(HomePage.java:45)
	at pages.HomePage.waitSeconds(HomePage.java:45)
	at pages.HomePage.waitSeconds(HomePage.java:45)
	at pages.HomePage.waitSeconds(HomePage.java:45)
	at pages.HomePage.waitSeconds(HomePage.java:45)
	at pages.HomePage.waitSeconds(HomePage.java:45)
	at pages.HomePage.waitSeconds(HomePage.java:45)
	at pages.HomePage.waitSeconds(HomePage.java:45)
	at pages.HomePage.waitSeconds(HomePage.java:45)
	at pages.HomePage.waitSeconds(HomePage.java:45)
	at pages.HomePage.waitSeconds(HomePage.java:45)
	at pages.HomePage.waitSeconds(HomePage.java:45)
	at pages.HomePage.waitSeconds(HomePage.java:45)
	at pages.HomePage.waitSeconds(HomePage.java:45)
	at pages.HomePage.waitSeconds(HomePage.java:45)
	at pages.HomePage.waitSeconds(HomePage.java:45)
	at pages.HomePage.waitSeconds(HomePage.java:45)
	at pages.HomePage.waitSeconds(HomePage.java:45)
	at pages.HomePage.waitSeconds(HomePage.java:45)
	at pages.HomePage.waitSeconds(HomePage.java:45)
	at pages.HomePage.waitSeconds(HomePage.java:45)
	at pages.HomePage.waitSeconds(HomePage.java:45)
	at pages.HomePage.waitSeconds(HomePage.java:45)
	at pages.HomePage.waitSeconds(HomePage.java:45)
	at pages.HomePage.waitSeconds(HomePage.java:45)
	at pages.HomePage.waitSeconds(HomePage.java:45)
	at pages.HomePage.waitSeconds(HomePage.java:45)
	at pages.HomePage.waitSeconds(HomePage.java:45)
	at pages.HomePage.waitSeconds(HomePage.java:45)
	at pages.HomePage.waitSeconds(HomePage.java:45)
	at pages.HomePage.waitSeconds(HomePage.java:45)
	at pages.HomePage.waitSeconds(HomePage.java:45)
	at pages.HomePage.waitSeconds(HomePage.java:45)
	at pages.HomePage.waitSeconds(HomePage.java:45)
	at pages.HomePage.waitSeconds(HomePage.java:45)
	at pages.HomePage.waitSeconds(HomePage.java:45)
	at pages.HomePage.waitSeconds(HomePage.java:45)
	at pages.HomePage.waitSeconds(HomePage.java:45)
	at pages.HomePage.waitSeconds(HomePage.java:45)
	at pages.HomePage.waitSeconds(HomePage.java:45)
	at pages.HomePage.waitSeconds(HomePage.java:45)
	at pages.HomePage.waitSeconds(HomePage.java:45)
	at pages.HomePage.waitSeconds(HomePage.java:45)
	at pages.HomePage.waitSeconds(HomePage.java:45)
	at pages.HomePage.waitSeconds(HomePage.java:45)
	at pages.HomePage.waitSeconds(HomePage.java:45)
	at pages.HomePage.waitSeconds(HomePage.java:45)
	at pages.HomePage.waitSeconds(HomePage.java:45)
	at pages.HomePage.waitSeconds(HomePage.java:45)
	at pages.HomePage.waitSeconds(HomePage.java:45)
	at pages.HomePage.waitSeconds(HomePage.java:45)
	at pages.HomePage.waitSeconds(HomePage.java:45)
	at pages.HomePage.waitSeconds(HomePage.java:45)
	at pages.HomePage.waitSeconds(HomePage.java:45)
	at pages.HomePage.waitSeconds(HomePage.java:45)
	at pages.HomePage.waitSeconds(HomePage.java:45)
	at pages.HomePage.waitSeconds(HomePage.java:45)
	at pages.HomePage.waitSeconds(HomePage.java:45)
	at pages.HomePage.waitSeconds(HomePage.java:45)
	at pages.HomePage.waitSeconds(HomePage.java:45)
	at pages.HomePage.waitSeconds(HomePage.java:45)
	at pages.HomePage.waitSeconds(HomePage.java:45)
	at pages.HomePage.waitSeconds(HomePage.java:45)
	at pages.HomePage.waitSeconds(HomePage.java:45)
	at pages.HomePage.waitSeconds(HomePage.java:45)
	at pages.HomePage.waitSeconds(HomePage.java:45)
	at pages.HomePage.waitSeconds(HomePage.java:45)
	at pages.HomePage.waitSeconds(HomePage.java:45)
	at pages.HomePage.waitSeconds(HomePage.java:45)
	at pages.HomePage.waitSeconds(HomePage.java:45)
	at pages.HomePage.waitSeconds(HomePage.java:45)
	at pages.HomePage.waitSeconds(HomePage.java:45)
	at pages.HomePage.waitSeconds(HomePage.java:45)
	at pages.HomePage.waitSeconds(HomePage.java:45)
	at pages.HomePage.waitSeconds(HomePage.java:45)
	at pages.HomePage.waitSeconds(HomePage.java:45)
	at pages.HomePage.waitSeconds(HomePage.java:45)
	at pages.HomePage.waitSeconds(HomePage.java:45)
	at pages.HomePage.waitSeconds(HomePage.java:45)
	at pages.HomePage.waitSeconds(HomePage.java:45)
	at pages.HomePage.waitSeconds(HomePage.java:45)
	at pages.HomePage.waitSeconds(HomePage.java:45)
	at pages.HomePage.waitSeconds(HomePage.java:45)
	at pages.HomePage.waitSeconds(HomePage.java:45)
	at pages.HomePage.waitSeconds(HomePage.java:45)
	at pages.HomePage.waitSeconds(HomePage.java:45)
	at pages.HomePage.waitSeconds(HomePage.java:45)
	at pages.HomePage.waitSeconds(HomePage.java:45)
	at pages.HomePage.waitSeconds(HomePage.java:45)
	at pages.HomePage.waitSeconds(HomePage.java:45)
	at pages.HomePage.waitSeconds(HomePage.java:45)
	at pages.HomePage.waitSeconds(HomePage.java:45)
	at pages.HomePage.waitSeconds(HomePage.java:45)
	at pages.HomePage.waitSeconds(HomePage.java:45)
	at pages.HomePage.waitSeconds(HomePage.java:45)
	at pages.HomePage.waitSeconds(HomePage.java:45)
	at pages.HomePage.waitSeconds(HomePage.java:45)
	at pages.HomePage.waitSeconds(HomePage.java:45)
	at pages.HomePage.waitSeconds(HomePage.java:45)
	at pages.HomePage.waitSeconds(HomePage.java:45)
	at pages.HomePage.waitSeconds(HomePage.java:45)
	at pages.HomePage.waitSeconds(HomePage.java:45)
	at pages.HomePage.waitSeconds(HomePage.java:45)
	at pages.HomePage.waitSeconds(HomePage.java:45)
	at pages.HomePage.waitSeconds(HomePage.java:45)
	at pages.HomePage.waitSeconds(HomePage.java:45)
	at pages.HomePage.waitSeconds(HomePage.java:45)
	at pages.HomePage.waitSeconds(HomePage.java:45)
	at pages.HomePage.waitSeconds(HomePage.java:45)
	at pages.HomePage.waitSeconds(HomePage.java:45)
	at pages.HomePage.waitSeconds(HomePage.java:45)
	at pages.HomePage.waitSeconds(HomePage.java:45)
	at pages.HomePage.waitSeconds(HomePage.java:45)
	at pages.HomePage.waitSeconds(HomePage.java:45)
	at pages.HomePage.waitSeconds(HomePage.java:45)
	at pages.HomePage.waitSeconds(HomePage.java:45)
	at pages.HomePage.waitSeconds(HomePage.java:45)
	at pages.HomePage.waitSeconds(HomePage.java:45)
	at pages.HomePage.waitSeconds(HomePage.java:45)
	at pages.HomePage.waitSeconds(HomePage.java:45)
	at pages.HomePage.waitSeconds(HomePage.java:45)
	at pages.HomePage.waitSeconds(HomePage.java:45)
	at pages.HomePage.waitSeconds(HomePage.java:45)
	at pages.HomePage.waitSeconds(HomePage.java:45)
	at pages.HomePage.waitSeconds(HomePage.java:45)
	at pages.HomePage.waitSeconds(HomePage.java:45)
	at pages.HomePage.waitSeconds(HomePage.java:45)
	at pages.HomePage.waitSeconds(HomePage.java:45)
	at pages.HomePage.waitSeconds(HomePage.java:45)
	at pages.HomePage.waitSeconds(HomePage.java:45)
	at pages.HomePage.waitSeconds(HomePage.java:45)
	at pages.HomePage.waitSeconds(HomePage.java:45)
	at pages.HomePage.waitSeconds(HomePage.java:45)
	at pages.HomePage.waitSeconds(HomePage.java:45)
	at pages.HomePage.waitSeconds(HomePage.java:45)
	at pages.HomePage.waitSeconds(HomePage.java:45)
	at pages.HomePage.waitSeconds(HomePage.java:45)
	at pages.HomePage.waitSeconds(HomePage.java:45)
	at pages.HomePage.waitSeconds(HomePage.java:45)
	at pages.HomePage.waitSeconds(HomePage.java:45)
	at pages.HomePage.waitSeconds(HomePage.java:45)
	at pages.HomePage.waitSeconds(HomePage.java:45)
	at pages.HomePage.waitSeconds(HomePage.java:45)
	at pages.HomePage.waitSeconds(HomePage.java:45)
	at pages.HomePage.waitSeconds(HomePage.java:45)
	at pages.HomePage.waitSeconds(HomePage.java:45)
	at pages.HomePage.waitSeconds(HomePage.java:45)
	at pages.HomePage.waitSeconds(HomePage.java:45)
	at pages.HomePage.waitSeconds(HomePage.java:45)
	at pages.HomePage.waitSeconds(HomePage.java:45)
	at pages.HomePage.waitSeconds(HomePage.java:45)
	at pages.HomePage.waitSeconds(HomePage.java:45)
	at pages.HomePage.waitSeconds(HomePage.java:45)
	at pages.HomePage.waitSeconds(HomePage.java:45)
	at pages.HomePage.waitSeconds(HomePage.java:45)
	at pages.HomePage.waitSeconds(HomePage.java:45)
	at pages.HomePage.waitSeconds(HomePage.java:45)
	at pages.HomePage.waitSeconds(HomePage.java:45)
	at pages.HomePage.waitSeconds(HomePage.java:45)
	at pages.HomePage.waitSeconds(HomePage.java:45)
	at pages.HomePage.waitSeconds(HomePage.java:45)
	at pages.HomePage.waitSeconds(HomePage.java:45)
	at pages.HomePage.waitSeconds(HomePage.java:45)
	at pages.HomePage.waitSeconds(HomePage.java:45)
	at pages.HomePage.waitSeconds(HomePage.java:45)
	at pages.HomePage.waitSeconds(HomePage.java:45)
	at pages.HomePage.waitSeconds(HomePage.java:45)
	at pages.HomePage.waitSeconds(HomePage.java:45)
	at pages.HomePage.waitSeconds(HomePage.java:45)
	at pages.HomePage.waitSeconds(HomePage.java:45)
	at pages.HomePage.waitSeconds(HomePage.java:45)
	at pages.HomePage.waitSeconds(HomePage.java:45)
	at pages.HomePage.waitSeconds(HomePage.java:45)
	at pages.HomePage.waitSeconds(HomePage.java:45)
	at pages.HomePage.waitSeconds(HomePage.java:45)
	at pages.HomePage.waitSeconds(HomePage.java:45)
	at pages.HomePage.waitSeconds(HomePage.java:45)
	at pages.HomePage.waitSeconds(HomePage.java:45)
	at pages.HomePage.waitSeconds(HomePage.java:45)
	at pages.HomePage.waitSeconds(HomePage.java:45)
	at pages.HomePage.waitSeconds(HomePage.java:45)
	at pages.HomePage.waitSeconds(HomePage.java:45)
	at pages.HomePage.waitSeconds(HomePage.java:45)
	at pages.HomePage.waitSeconds(HomePage.java:45)
	at pages.HomePage.waitSeconds(HomePage.java:45)
	at pages.HomePage.waitSeconds(HomePage.java:45)
	at pages.HomePage.waitSeconds(HomePage.java:45)
	at pages.HomePage.waitSeconds(HomePage.java:45)
	at pages.HomePage.waitSeconds(HomePage.java:45)
	at pages.HomePage.waitSeconds(HomePage.java:45)
	at pages.HomePage.waitSeconds(HomePage.java:45)
	at pages.HomePage.waitSeconds(HomePage.java:45)
	at pages.HomePage.waitSeconds(HomePage.java:45)
	at pages.HomePage.waitSeconds(HomePage.java:45)
	at pages.HomePage.waitSeconds(HomePage.java:45)
	at pages.HomePage.waitSeconds(HomePage.java:45)
	at pages.HomePage.waitSeconds(HomePage.java:45)
	at pages.HomePage.waitSeconds(HomePage.java:45)
	at pages.HomePage.waitSeconds(HomePage.java:45)
	at pages.HomePage.waitSeconds(HomePage.java:45)
	at pages.HomePage.waitSeconds(HomePage.java:45)
	at pages.HomePage.waitSeconds(HomePage.java:45)
	at pages.HomePage.waitSeconds(HomePage.java:45)
	at pages.HomePage.waitSeconds(HomePage.java:45)
	at pages.HomePage.waitSeconds(HomePage.java:45)
	at pages.HomePage.waitSeconds(HomePage.java:45)
	at pages.HomePage.waitSeconds(HomePage.java:45)
	at pages.HomePage.waitSeconds(HomePage.java:45)
	at pages.HomePage.waitSeconds(HomePage.java:45)
	at pages.HomePage.waitSeconds(HomePage.java:45)
	at pages.HomePage.waitSeconds(HomePage.java:45)
	at pages.HomePage.waitSeconds(HomePage.java:45)
	at pages.HomePage.waitSeconds(HomePage.java:45)
	at pages.HomePage.waitSeconds(HomePage.java:45)
	at pages.HomePage.waitSeconds(HomePage.java:45)
	at pages.HomePage.waitSeconds(HomePage.java:45)
	at pages.HomePage.waitSeconds(HomePage.java:45)
	at pages.HomePage.waitSeconds(HomePage.java:45)
	at pages.HomePage.waitSeconds(HomePage.java:45)
	at pages.HomePage.waitSeconds(HomePage.java:45)
	at pages.HomePage.waitSeconds(HomePage.java:45)
	at pages.HomePage.waitSeconds(HomePage.java:45)
	at pages.HomePage.waitSeconds(HomePage.java:45)
	at pages.HomePage.waitSeconds(HomePage.java:45)
	at pages.HomePage.waitSeconds(HomePage.java:45)
	at pages.HomePage.waitSeconds(HomePage.java:45)
	at pages.HomePage.waitSeconds(HomePage.java:45)
	at pages.HomePage.waitSeconds(HomePage.java:45)
	at pages.HomePage.waitSeconds(HomePage.java:45)
	at pages.HomePage.waitSeconds(HomePage.java:45)
	at pages.HomePage.waitSeconds(HomePage.java:45)
	at pages.HomePage.waitSeconds(HomePage.java:45)
	at pages.HomePage.waitSeconds(HomePage.java:45)
	at pages.HomePage.waitSeconds(HomePage.java:45)
	at pages.HomePage.waitSeconds(HomePage.java:45)
	at pages.HomePage.waitSeconds(HomePage.java:45)
	at pages.HomePage.waitSeconds(HomePage.java:45)
	at pages.HomePage.waitSeconds(HomePage.java:45)
	at pages.HomePage.waitSeconds(HomePage.java:45)
	at pages.HomePage.waitSeconds(HomePage.java:45)
	at pages.HomePage.waitSeconds(HomePage.java:45)
	at pages.HomePage.waitSeconds(HomePage.java:45)
	at pages.HomePage.waitSeconds(HomePage.java:45)
	at pages.HomePage.waitSeconds(HomePage.java:45)
	at pages.HomePage.waitSeconds(HomePage.java:45)
	at pages.HomePage.waitSeconds(HomePage.java:45)
	at pages.HomePage.waitSeconds(HomePage.java:45)
	at pages.HomePage.waitSeconds(HomePage.java:45)
	at pages.HomePage.waitSeconds(HomePage.java:45)
	at pages.HomePage.waitSeconds(HomePage.java:45)
	at pages.HomePage.waitSeconds(HomePage.java:45)
	at pages.HomePage.waitSeconds(HomePage.java:45)
	at pages.HomePage.waitSeconds(HomePage.java:45)
	at pages.HomePage.waitSeconds(HomePage.java:45)
	at pages.HomePage.waitSeconds(HomePage.java:45)
	at pages.HomePage.waitSeconds(HomePage.java:45)
	at pages.HomePage.waitSeconds(HomePage.java:45)
	at pages.HomePage.waitSeconds(HomePage.java:45)
	at pages.HomePage.waitSeconds(HomePage.java:45)
	at pages.HomePage.waitSeconds(HomePage.java:45)
	at pages.HomePage.waitSeconds(HomePage.java:45)
	at pages.HomePage.waitSeconds(HomePage.java:45)
	at pages.HomePage.waitSeconds(HomePage.java:45)
	at pages.HomePage.waitSeconds(HomePage.java:45)
	at pages.HomePage.waitSeconds(HomePage.java:45)
	at pages.HomePage.waitSeconds(HomePage.java:45)
	at pages.HomePage.waitSeconds(HomePage.java:45)
	at pages.HomePage.waitSeconds(HomePage.java:45)
	at pages.HomePage.waitSeconds(HomePage.java:45)
	at pages.HomePage.waitSeconds(HomePage.java:45)
	at pages.HomePage.waitSeconds(HomePage.java:45)
	at pages.HomePage.waitSeconds(HomePage.java:45)
	at pages.HomePage.waitSeconds(HomePage.java:45)
	at pages.HomePage.waitSeconds(HomePage.java:45)
	at pages.HomePage.waitSeconds(HomePage.java:45)
	at pages.HomePage.waitSeconds(HomePage.java:45)
	at pages.HomePage.waitSeconds(HomePage.java:45)
	at pages.HomePage.waitSeconds(HomePage.java:45)
	at pages.HomePage.waitSeconds(HomePage.java:45)
	at pages.HomePage.waitSeconds(HomePage.java:45)
	at pages.HomePage.waitSeconds(HomePage.java:45)
	at pages.HomePage.waitSeconds(HomePage.java:45)
	at pages.HomePage.waitSeconds(HomePage.java:45)
	at pages.HomePage.waitSeconds(HomePage.java:45)
	at pages.HomePage.waitSeconds(HomePage.java:45)
	at pages.HomePage.waitSeconds(HomePage.java:45)
	at pages.HomePage.waitSeconds(HomePage.java:45)
	at pages.HomePage.waitSeconds(HomePage.java:45)
	at pages.HomePage.waitSeconds(HomePage.java:45)
	at pages.HomePage.waitSeconds(HomePage.java:45)
	at pages.HomePage.waitSeconds(HomePage.java:45)
	at pages.HomePage.waitSeconds(HomePage.java:45)
	at pages.HomePage.waitSeconds(HomePage.java:45)
	at pages.HomePage.waitSeconds(HomePage.java:45)
	at pages.HomePage.waitSeconds(HomePage.java:45)
	at pages.HomePage.waitSeconds(HomePage.java:45)
	at pages.HomePage.waitSeconds(HomePage.java:45)
	at pages.HomePage.waitSeconds(HomePage.java:45)
	at pages.HomePage.waitSeconds(HomePage.java:45)
	at pages.HomePage.waitSeconds(HomePage.java:45)
	at pages.HomePage.waitSeconds(HomePage.java:45)
	at pages.HomePage.waitSeconds(HomePage.java:45)
	at pages.HomePage.waitSeconds(HomePage.java:45)
	at pages.HomePage.waitSeconds(HomePage.java:45)
	at pages.HomePage.waitSeconds(HomePage.java:45)
	at pages.HomePage.waitSeconds(HomePage.java:45)
	at pages.HomePage.waitSeconds(HomePage.java:45)
	at pages.HomePage.waitSeconds(HomePage.java:45)
	at pages.HomePage.waitSeconds(HomePage.java:45)
	at pages.HomePage.waitSeconds(HomePage.java:45)
	at pages.HomePage.waitSeconds(HomePage.java:45)
	at pages.HomePage.waitSeconds(HomePage.java:45)
	at pages.HomePage.waitSeconds(HomePage.java:45)
	at pages.HomePage.waitSeconds(HomePage.java:45)
	at pages.HomePage.waitSeconds(HomePage.java:45)
	at pages.HomePage.waitSeconds(HomePage.java:45)
	at pages.HomePage.waitSeconds(HomePage.java:45)
	at pages.HomePage.waitSeconds(HomePage.java:45)
	at pages.HomePage.waitSeconds(HomePage.java:45)
	at pages.HomePage.waitSeconds(HomePage.java:45)
	at pages.HomePage.waitSeconds(HomePage.java:45)
	at pages.HomePage.waitSeconds(HomePage.java:45)
	at pages.HomePage.waitSeconds(HomePage.java:45)
	at pages.HomePage.waitSeconds(HomePage.java:45)
	at pages.HomePage.waitSeconds(HomePage.java:45)
	at pages.HomePage.waitSeconds(HomePage.java:45)
	at pages.HomePage.waitSeconds(HomePage.java:45)
	at pages.HomePage.waitSeconds(HomePage.java:45)
	at pages.HomePage.waitSeconds(HomePage.java:45)
	at pages.HomePage.waitSeconds(HomePage.java:45)
	at pages.HomePage.waitSeconds(HomePage.java:45)
	at pages.HomePage.waitSeconds(HomePage.java:45)
	at pages.HomePage.waitSeconds(HomePage.java:45)
	at pages.HomePage.waitSeconds(HomePage.java:45)
	at pages.HomePage.waitSeconds(HomePage.java:45)
	at pages.HomePage.waitSeconds(HomePage.java:45)
	at pages.HomePage.waitSeconds(HomePage.java:45)
	at pages.HomePage.waitSeconds(HomePage.java:45)
	at pages.HomePage.waitSeconds(HomePage.java:45)
	at pages.HomePage.waitSeconds(HomePage.java:45)
	at pages.HomePage.waitSeconds(HomePage.java:45)
	at pages.HomePage.waitSeconds(HomePage.java:45)
	at pages.HomePage.waitSeconds(HomePage.java:45)
	at pages.HomePage.waitSeconds(HomePage.java:45)
	at pages.HomePage.waitSeconds(HomePage.java:45)
	at pages.HomePage.waitSeconds(HomePage.java:45)
	at pages.HomePage.waitSeconds(HomePage.java:45)
	at pages.HomePage.waitSeconds(HomePage.java:45)
	at pages.HomePage.waitSeconds(HomePage.java:45)
	at pages.HomePage.waitSeconds(HomePage.java:45)
	at pages.HomePage.waitSeconds(HomePage.java:45)
	at pages.HomePage.waitSeconds(HomePage.java:45)
	at pages.HomePage.waitSeconds(HomePage.java:45)
	at pages.HomePage.waitSeconds(HomePage.java:45)
	at pages.HomePage.waitSeconds(HomePage.java:45)
	at pages.HomePage.waitSeconds(HomePage.java:45)
	at pages.HomePage.waitSeconds(HomePage.java:45)
	at pages.HomePage.waitSeconds(HomePage.java:45)
	at pages.HomePage.waitSeconds(HomePage.java:45)
	at pages.HomePage.waitSeconds(HomePage.java:45)
	at pages.HomePage.waitSeconds(HomePage.java:45)
	at pages.HomePage.waitSeconds(HomePage.java:45)
	at pages.HomePage.waitSeconds(HomePage.java:45)
	at pages.HomePage.waitSeconds(HomePage.java:45)
	at pages.HomePage.waitSeconds(HomePage.java:45)
	at pages.HomePage.waitSeconds(HomePage.java:45)
	at pages.HomePage.waitSeconds(HomePage.java:45)
	at pages.HomePage.waitSeconds(HomePage.java:45)
	at pages.HomePage.waitSeconds(HomePage.java:45)
	at pages.HomePage.waitSeconds(HomePage.java:45)
	at pages.HomePage.waitSeconds(HomePage.java:45)
	at pages.HomePage.waitSeconds(HomePage.java:45)
	at pages.HomePage.waitSeconds(HomePage.java:45)
	at pages.HomePage.waitSeconds(HomePage.java:45)
	at pages.HomePage.waitSeconds(HomePage.java:45)
	at pages.HomePage.waitSeconds(HomePage.java:45)
	at pages.HomePage.waitSeconds(HomePage.java:45)
	at pages.HomePage.waitSeconds(HomePage.java:45)
	at pages.HomePage.waitSeconds(HomePage.java:45)
	at pages.HomePage.waitSeconds(HomePage.java:45)
	at pages.HomePage.waitSeconds(HomePage.java:45)
	at pages.HomePage.waitSeconds(HomePage.java:45)
	at pages.HomePage.waitSeconds(HomePage.java:45)
	at pages.HomePage.waitSeconds(HomePage.java:45)
	at pages.HomePage.waitSeconds(HomePage.java:45)
	at pages.HomePage.waitSeconds(HomePage.java:45)
	at pages.HomePage.waitSeconds(HomePage.java:45)
	at pages.HomePage.waitSeconds(HomePage.java:45)
	at pages.HomePage.waitSeconds(HomePage.java:45)
	at pages.HomePage.waitSeconds(HomePage.java:45)
	at pages.HomePage.waitSeconds(HomePage.java:45)
	at pages.HomePage.waitSeconds(HomePage.java:45)
	at pages.HomePage.waitSeconds(HomePage.java:45)
	at pages.HomePage.waitSeconds(HomePage.java:45)
	at pages.HomePage.waitSeconds(HomePage.java:45)
	at pages.HomePage.waitSeconds(HomePage.java:45)
	at pages.HomePage.waitSeconds(HomePage.java:45)
	at pages.HomePage.waitSeconds(HomePage.java:45)
	at pages.HomePage.waitSeconds(HomePage.java:45)
	at pages.HomePage.waitSeconds(HomePage.java:45)
	at pages.HomePage.waitSeconds(HomePage.java:45)
	at pages.HomePage.waitSeconds(HomePage.java:45)
	at pages.HomePage.waitSeconds(HomePage.java:45)
	at pages.HomePage.waitSeconds(HomePage.java:45)
	at pages.HomePage.waitSeconds(HomePage.java:45)
	at pages.HomePage.waitSeconds(HomePage.java:45)
	at pages.HomePage.waitSeconds(HomePage.java:45)
	at pages.HomePage.waitSeconds(HomePage.java:45)
	at pages.HomePage.waitSeconds(HomePage.java:45)
	at pages.HomePage.waitSeconds(HomePage.java:45)
	at pages.HomePage.waitSeconds(HomePage.java:45)
	at pages.HomePage.waitSeconds(HomePage.java:45)
	at pages.HomePage.waitSeconds(HomePage.java:45)
	at pages.HomePage.waitSeconds(HomePage.java:45)
	at pages.HomePage.waitSeconds(HomePage.java:45)
	at pages.HomePage.waitSeconds(HomePage.java:45)
	at pages.HomePage.waitSeconds(HomePage.java:45)
	at pages.HomePage.waitSeconds(HomePage.java:45)
	at pages.HomePage.waitSeconds(HomePage.java:45)
	at pages.HomePage.waitSeconds(HomePage.java:45)
	at pages.HomePage.waitSeconds(HomePage.java:45)
	at pages.HomePage.waitSeconds(HomePage.java:45)
	at pages.HomePage.waitSeconds(HomePage.java:45)
	at pages.HomePage.waitSeconds(HomePage.java:45)
	at pages.HomePage.waitSeconds(HomePage.java:45)
	at pages.HomePage.waitSeconds(HomePage.java:45)
	at pages.HomePage.waitSeconds(HomePage.java:45)
	at pages.HomePage.waitSeconds(HomePage.java:45)
	at pages.HomePage.waitSeconds(HomePage.java:45)
	at pages.HomePage.waitSeconds(HomePage.java:45)
	at pages.HomePage.waitSeconds(HomePage.java:45)
	at pages.HomePage.waitSeconds(HomePage.java:45)
	at pages.HomePage.waitSeconds(HomePage.java:45)
	at pages.HomePage.waitSeconds(HomePage.java:45)
	at pages.HomePage.waitSeconds(HomePage.java:45)
	at pages.HomePage.waitSeconds(HomePage.java:45)
	at pages.HomePage.waitSeconds(HomePage.java:45)
	at pages.HomePage.waitSeconds(HomePage.java:45)
	at pages.HomePage.waitSeconds(HomePage.java:45)
	at pages.HomePage.waitSeconds(HomePage.java:45)
	at pages.HomePage.waitSeconds(HomePage.java:45)
	at pages.HomePage.waitSeconds(HomePage.java:45)
	at pages.HomePage.waitSeconds(HomePage.java:45)
	at pages.HomePage.waitSeconds(HomePage.java:45)
	at pages.HomePage.waitSeconds(HomePage.java:45)
	at pages.HomePage.waitSeconds(HomePage.java:45)
	at pages.HomePage.waitSeconds(HomePage.java:45)
	at pages.HomePage.waitSeconds(HomePage.java:45)
	at pages.HomePage.waitSeconds(HomePage.java:45)
	at pages.HomePage.waitSeconds(HomePage.java:45)
	at pages.HomePage.waitSeconds(HomePage.java:45)
	at pages.HomePage.waitSeconds(HomePage.java:45)
	at pages.HomePage.waitSeconds(HomePage.java:45)
	at pages.HomePage.waitSeconds(HomePage.java:45)
	at pages.HomePage.waitSeconds(HomePage.java:45)
	at pages.HomePage.waitSeconds(HomePage.java:45)
	at pages.HomePage.waitSeconds(HomePage.java:45)
	at pages.HomePage.waitSeconds(HomePage.java:45)
	at pages.HomePage.waitSeconds(HomePage.java:45)
	at pages.HomePage.waitSeconds(HomePage.java:45)
	at pages.HomePage.waitSeconds(HomePage.java:45)
	at pages.HomePage.waitSeconds(HomePage.java:45)
	at pages.HomePage.waitSeconds(HomePage.java:45)
	at pages.HomePage.waitSeconds(HomePage.java:45)
	at pages.HomePage.waitSeconds(HomePage.java:45)
	at pages.HomePage.waitSeconds(HomePage.java:45)
	at pages.HomePage.waitSeconds(HomePage.java:45)
	at pages.HomePage.waitSeconds(HomePage.java:45)
	at pages.HomePage.waitSeconds(HomePage.java:45)
	at pages.HomePage.waitSeconds(HomePage.java:45)
	at pages.HomePage.waitSeconds(HomePage.java:45)
	at pages.HomePage.waitSeconds(HomePage.java:45)
	at pages.HomePage.waitSeconds(HomePage.java:45)
	at pages.HomePage.waitSeconds(HomePage.java:45)
	at pages.HomePage.waitSeconds(HomePage.java:45)
	at pages.HomePage.waitSeconds(HomePage.java:45)
	at pages.HomePage.waitSeconds(HomePage.java:45)
	at pages.HomePage.waitSeconds(HomePage.java:45)
	at pages.HomePage.waitSeconds(HomePage.java:45)
	at pages.HomePage.waitSeconds(HomePage.java:45)
	at pages.HomePage.waitSeconds(HomePage.java:45)
	at pages.HomePage.waitSeconds(HomePage.java:45)
	at pages.HomePage.waitSeconds(HomePage.java:45)
	at pages.HomePage.waitSeconds(HomePage.java:45)
	at pages.HomePage.waitSeconds(HomePage.java:45)
	at pages.HomePage.waitSeconds(HomePage.java:45)
	at pages.HomePage.waitSeconds(HomePage.java:45)
	at pages.HomePage.waitSeconds(HomePage.java:45)
	at pages.HomePage.waitSeconds(HomePage.java:45)
	at pages.HomePage.waitSeconds(HomePage.java:45)
	at pages.HomePage.waitSeconds(HomePage.java:45)
	at pages.HomePage.waitSeconds(HomePage.java:45)
	at pages.HomePage.waitSeconds(HomePage.java:45)
	at pages.HomePage.waitSeconds(HomePage.java:45)
	at pages.HomePage.waitSeconds(HomePage.java:45)
	at pages.HomePage.waitSeconds(HomePage.java:45)
	at pages.HomePage.waitSeconds(HomePage.java:45)
	at pages.HomePage.waitSeconds(HomePage.java:45)
	at pages.HomePage.waitSeconds(HomePage.java:45)
	at pages.HomePage.waitSeconds(HomePage.java:45)
	at pages.HomePage.waitSeconds(HomePage.java:45)
	at pages.HomePage.waitSeconds(HomePage.java:45)
	at pages.HomePage.waitSeconds(HomePage.java:45)
	at pages.HomePage.waitSeconds(HomePage.java:45)
]]></failure>
    <system-out><![CDATA[[ERROR] 2023-08-15 11:28:51 HttpClient:176 :execute - message:Error HTTP 404 executing https://chromedriver.storage.googleapis.com/LATEST_RELEASE_115
[WARN ] 2023-08-15 11:28:51 VersionDetector:123 :getDriverVersionFromRepository - message:Exception reading https://chromedriver.storage.googleapis.com/LATEST_RELEASE_115 to get latest version of chromedriver (Error HTTP 404 executing https://chromedriver.storage.googleapis.com/LATEST_RELEASE_115)
[INFO ] 2023-08-15 11:28:51 WebDriverManager:1291 :exportDriver - message:Exporting webdriver.chrome.driver as C:\Users\Aguka\.cache\selenium\chromedriver\win32\114.0.5735.90\chromedriver.exe
[INFO ] 2023-08-15 11:28:52 BaseTest:43 :setUp - message:Tests will run at 1920x1080 in CHROME browser.
[INFO ] 2023-08-15 11:28:59 MainPage:77 :waitForPageLoading - message:Waiting for page loading
[INFO ] 2023-08-15 11:28:59 MainPage:83 :switchToFrame - message:Switch to frame
[INFO ] 2023-08-15 11:28:59 MainPage:154 :clickAllProducts - message:Click button All Products
]]></system-out>
    <system-err><![CDATA[Aug 15, 2023 11:28:51 AM org.openqa.selenium.remote.service.DriverService$Builder getLogOutput
INFO: Driver logs no longer sent to console by default; https://www.selenium.dev/documentation/webdriver/drivers/service/#setting-log-output
Aug 15, 2023 11:28:52 AM org.openqa.selenium.devtools.CdpVersionFinder findNearestMatch
WARNING: Unable to find an exact match for CDP version 115, so returning the closest version found: 114
]]></system-err>
  </testcase>
  <testcase name="checkSubscribeWithInvalidEmail" classname="SubscribeWithInvalidEmailTest" time="0.062">
    <system-out><![CDATA[[INFO ] 2023-08-15 11:29:34 MainPage:77 :waitForPageLoading - message:Waiting for page loading
[INFO ] 2023-08-15 11:29:34 MainPage:83 :switchToFrame - message:Switch to frame
[INFO ] 2023-08-15 11:29:34 MainPage:88 :getMessageOnPageGetOurLatestNewsAndSpecialSales - message:Getting message near the email field
[INFO ] 2023-08-15 11:29:34 MainPage:95 :getMessageOnPageOnMayUnsubscribeAtAnyMoment - message:Getting message under email field
[INFO ] 2023-08-15 11:29:34 MainPage:100 :getMessageButtonSubscribe - message:Getting CssValue with button subscribe
]]></system-out>
  </testcase>
</testsuite>