<?xml version="1.0" encoding="UTF-8"?>
<testsuite xmlns:xsi="http://www.w3.org/2001/XMLSchema-instance" xsi:noNamespaceSchemaLocation="https://maven.apache.org/surefire/maven-surefire-plugin/xsd/surefire-test-report-3.0.xsd" version="3.0" name="TestSuite" time="113.313" tests="10" errors="0" skipped="0" failures="1">
  <properties>
    <property name="java.specification.version" value="17"/>
    <property name="browser.type" value="EDGE"/>
    <property name="sun.cpu.isalist" value="amd64"/>
    <property name="sun.jnu.encoding" value="Cp1251"/>
    <property name="java.class.path" value="C:\Users\Aguka\sachok_Final_Projekt\target\test-classes;C:\Users\Aguka\sachok_Final_Projekt\target\classes;C:\Users\Aguka\.m2\repository\io\github\bonigarcia\webdrivermanager\5.3.2\webdrivermanager-5.3.2.jar;C:\Users\Aguka\.m2\repository\org\slf4j\slf4j-api\2.0.6\slf4j-api-2.0.6.jar;C:\Users\Aguka\.m2\repository\com\google\code\gson\gson\2.10.1\gson-2.10.1.jar;C:\Users\Aguka\.m2\repository\com\github\docker-java\docker-java\3.2.14\docker-java-3.2.14.jar;C:\Users\Aguka\.m2\repository\com\github\docker-java\docker-java-core\3.2.14\docker-java-core-3.2.14.jar;C:\Users\Aguka\.m2\repository\com\github\docker-java\docker-java-api\3.2.14\docker-java-api-3.2.14.jar;C:\Users\Aguka\.m2\repository\com\fasterxml\jackson\core\jackson-annotations\2.10.3\jackson-annotations-2.10.3.jar;C:\Users\Aguka\.m2\repository\commons-io\commons-io\2.6\commons-io-2.6.jar;C:\Users\Aguka\.m2\repository\org\apache\commons\commons-compress\1.21\commons-compress-1.21.jar;C:\Users\Aguka\.m2\repository\com\fasterxml\jackson\core\jackson-databind\2.10.3\jackson-databind-2.10.3.jar;C:\Users\Aguka\.m2\repository\com\fasterxml\jackson\core\jackson-core\2.10.3\jackson-core-2.10.3.jar;C:\Users\Aguka\.m2\repository\org\bouncycastle\bcpkix-jdk15on\1.64\bcpkix-jdk15on-1.64.jar;C:\Users\Aguka\.m2\repository\org\bouncycastle\bcprov-jdk15on\1.64\bcprov-jdk15on-1.64.jar;C:\Users\Aguka\.m2\repository\org\slf4j\jcl-over-slf4j\1.7.30\jcl-over-slf4j-1.7.30.jar;C:\Users\Aguka\.m2\repository\com\github\docker-java\docker-java-transport-httpclient5\3.2.14\docker-java-transport-httpclient5-3.2.14.jar;C:\Users\Aguka\.m2\repository\com\github\docker-java\docker-java-transport\3.2.14\docker-java-transport-3.2.14.jar;C:\Users\Aguka\.m2\repository\net\java\dev\jna\jna\5.12.1\jna-5.12.1.jar;C:\Users\Aguka\.m2\repository\org\brotli\dec\0.1.2\dec-0.1.2.jar;C:\Users\Aguka\.m2\repository\org\apache\commons\commons-lang3\3.12.0\commons-lang3-3.12.0.jar;C:\Users\Aguka\.m2\repository\org\apache\httpcomponents\client5\httpclient5\5.2.1\httpclient5-5.2.1.jar;C:\Users\Aguka\.m2\repository\org\apache\httpcomponents\core5\httpcore5\5.2\httpcore5-5.2.jar;C:\Users\Aguka\.m2\repository\org\apache\httpcomponents\core5\httpcore5-h2\5.2\httpcore5-h2-5.2.jar;C:\Users\Aguka\.m2\repository\org\assertj\assertj-core\3.18.1\assertj-core-3.18.1.jar;C:\Users\Aguka\.m2\repository\org\testng\testng\7.7.1\testng-7.7.1.jar;C:\Users\Aguka\.m2\repository\com\beust\jcommander\1.82\jcommander-1.82.jar;C:\Users\Aguka\.m2\repository\org\webjars\jquery\3.6.1\jquery-3.6.1.jar;C:\Users\Aguka\.m2\repository\org\seleniumhq\selenium\selenium-java\4.10.0\selenium-java-4.10.0.jar;C:\Users\Aguka\.m2\repository\org\seleniumhq\selenium\selenium-api\4.10.0\selenium-api-4.10.0.jar;C:\Users\Aguka\.m2\repository\org\seleniumhq\selenium\selenium-chrome-driver\4.10.0\selenium-chrome-driver-4.10.0.jar;C:\Users\Aguka\.m2\repository\com\google\auto\service\auto-service-annotations\1.0.1\auto-service-annotations-1.0.1.jar;C:\Users\Aguka\.m2\repository\com\google\auto\service\auto-service\1.0.1\auto-service-1.0.1.jar;C:\Users\Aguka\.m2\repository\com\google\auto\auto-common\1.2\auto-common-1.2.jar;C:\Users\Aguka\.m2\repository\com\google\guava\guava\31.1-jre\guava-31.1-jre.jar;C:\Users\Aguka\.m2\repository\com\google\guava\failureaccess\1.0.1\failureaccess-1.0.1.jar;C:\Users\Aguka\.m2\repository\com\google\guava\listenablefuture\9999.0-empty-to-avoid-conflict-with-guava\listenablefuture-9999.0-empty-to-avoid-conflict-with-guava.jar;C:\Users\Aguka\.m2\repository\com\google\code\findbugs\jsr305\3.0.2\jsr305-3.0.2.jar;C:\Users\Aguka\.m2\repository\org\checkerframework\checker-qual\3.12.0\checker-qual-3.12.0.jar;C:\Users\Aguka\.m2\repository\com\google\errorprone\error_prone_annotations\2.11.0\error_prone_annotations-2.11.0.jar;C:\Users\Aguka\.m2\repository\com\google\j2objc\j2objc-annotations\1.3\j2objc-annotations-1.3.jar;C:\Users\Aguka\.m2\repository\org\seleniumhq\selenium\selenium-chromium-driver\4.10.0\selenium-chromium-driver-4.10.0.jar;C:\Users\Aguka\.m2\repository\org\seleniumhq\selenium\selenium-json\4.10.0\selenium-json-4.10.0.jar;C:\Users\Aguka\.m2\repository\org\seleniumhq\selenium\selenium-manager\4.10.0\selenium-manager-4.10.0.jar;C:\Users\Aguka\.m2\repository\org\seleniumhq\selenium\selenium-devtools-v112\4.10.0\selenium-devtools-v112-4.10.0.jar;C:\Users\Aguka\.m2\repository\org\seleniumhq\selenium\selenium-devtools-v113\4.10.0\selenium-devtools-v113-4.10.0.jar;C:\Users\Aguka\.m2\repository\org\seleniumhq\selenium\selenium-devtools-v114\4.10.0\selenium-devtools-v114-4.10.0.jar;C:\Users\Aguka\.m2\repository\org\seleniumhq\selenium\selenium-devtools-v85\4.10.0\selenium-devtools-v85-4.10.0.jar;C:\Users\Aguka\.m2\repository\org\seleniumhq\selenium\selenium-edge-driver\4.10.0\selenium-edge-driver-4.10.0.jar;C:\Users\Aguka\.m2\repository\org\seleniumhq\selenium\selenium-firefox-driver\4.10.0\selenium-firefox-driver-4.10.0.jar;C:\Users\Aguka\.m2\repository\org\seleniumhq\selenium\selenium-http\4.10.0\selenium-http-4.10.0.jar;C:\Users\Aguka\.m2\repository\dev\failsafe\failsafe\3.3.1\failsafe-3.3.1.jar;C:\Users\Aguka\.m2\repository\org\seleniumhq\selenium\selenium-ie-driver\4.10.0\selenium-ie-driver-4.10.0.jar;C:\Users\Aguka\.m2\repository\org\seleniumhq\selenium\selenium-remote-driver\4.10.0\selenium-remote-driver-4.10.0.jar;C:\Users\Aguka\.m2\repository\io\netty\netty-buffer\4.1.92.Final\netty-buffer-4.1.92.Final.jar;C:\Users\Aguka\.m2\repository\io\netty\netty-codec-http\4.1.92.Final\netty-codec-http-4.1.92.Final.jar;C:\Users\Aguka\.m2\repository\io\netty\netty-codec\4.1.92.Final\netty-codec-4.1.92.Final.jar;C:\Users\Aguka\.m2\repository\io\netty\netty-handler\4.1.92.Final\netty-handler-4.1.92.Final.jar;C:\Users\Aguka\.m2\repository\io\netty\netty-common\4.1.92.Final\netty-common-4.1.92.Final.jar;C:\Users\Aguka\.m2\repository\io\netty\netty-transport-classes-epoll\4.1.92.Final\netty-transport-classes-epoll-4.1.92.Final.jar;C:\Users\Aguka\.m2\repository\io\netty\netty-transport-classes-kqueue\4.1.92.Final\netty-transport-classes-kqueue-4.1.92.Final.jar;C:\Users\Aguka\.m2\repository\io\netty\netty-transport-native-epoll\4.1.92.Final\netty-transport-native-epoll-4.1.92.Final.jar;C:\Users\Aguka\.m2\repository\io\netty\netty-transport-native-kqueue\4.1.92.Final\netty-transport-native-kqueue-4.1.92.Final.jar;C:\Users\Aguka\.m2\repository\io\netty\netty-transport-native-unix-common\4.1.92.Final\netty-transport-native-unix-common-4.1.92.Final.jar;C:\Users\Aguka\.m2\repository\io\netty\netty-transport\4.1.92.Final\netty-transport-4.1.92.Final.jar;C:\Users\Aguka\.m2\repository\io\netty\netty-resolver\4.1.92.Final\netty-resolver-4.1.92.Final.jar;C:\Users\Aguka\.m2\repository\io\opentelemetry\opentelemetry-api\1.26.0\opentelemetry-api-1.26.0.jar;C:\Users\Aguka\.m2\repository\io\opentelemetry\opentelemetry-context\1.26.0\opentelemetry-context-1.26.0.jar;C:\Users\Aguka\.m2\repository\io\opentelemetry\opentelemetry-exporter-logging\1.26.0\opentelemetry-exporter-logging-1.26.0.jar;C:\Users\Aguka\.m2\repository\io\opentelemetry\opentelemetry-sdk-metrics\1.26.0\opentelemetry-sdk-metrics-1.26.0.jar;C:\Users\Aguka\.m2\repository\io\opentelemetry\opentelemetry-extension-incubator\1.26.0-alpha\opentelemetry-extension-incubator-1.26.0-alpha.jar;C:\Users\Aguka\.m2\repository\io\opentelemetry\opentelemetry-sdk-logs\1.26.0-alpha\opentelemetry-sdk-logs-1.26.0-alpha.jar;C:\Users\Aguka\.m2\repository\io\opentelemetry\opentelemetry-api-logs\1.26.0-alpha\opentelemetry-api-logs-1.26.0-alpha.jar;C:\Users\Aguka\.m2\repository\io\opentelemetry\opentelemetry-api-events\1.26.0-alpha\opentelemetry-api-events-1.26.0-alpha.jar;C:\Users\Aguka\.m2\repository\io\opentelemetry\opentelemetry-sdk-common\1.26.0\opentelemetry-sdk-common-1.26.0.jar;C:\Users\Aguka\.m2\repository\io\opentelemetry\opentelemetry-sdk-extension-autoconfigure-spi\1.26.0\opentelemetry-sdk-extension-autoconfigure-spi-1.26.0.jar;C:\Users\Aguka\.m2\repository\io\opentelemetry\opentelemetry-sdk-extension-autoconfigure\1.26.0-alpha\opentelemetry-sdk-extension-autoconfigure-1.26.0-alpha.jar;C:\Users\Aguka\.m2\repository\io\opentelemetry\opentelemetry-sdk-trace\1.26.0\opentelemetry-sdk-trace-1.26.0.jar;C:\Users\Aguka\.m2\repository\io\opentelemetry\opentelemetry-sdk\1.26.0\opentelemetry-sdk-1.26.0.jar;C:\Users\Aguka\.m2\repository\io\opentelemetry\opentelemetry-semconv\1.26.0-alpha\opentelemetry-semconv-1.26.0-alpha.jar;C:\Users\Aguka\.m2\repository\net\bytebuddy\byte-buddy\1.14.4\byte-buddy-1.14.4.jar;C:\Users\Aguka\.m2\repository\org\apache\commons\commons-exec\1.3\commons-exec-1.3.jar;C:\Users\Aguka\.m2\repository\org\asynchttpclient\async-http-client\2.12.3\async-http-client-2.12.3.jar;C:\Users\Aguka\.m2\repository\org\asynchttpclient\async-http-client-netty-utils\2.12.3\async-http-client-netty-utils-2.12.3.jar;C:\Users\Aguka\.m2\repository\io\netty\netty-codec-socks\4.1.60.Final\netty-codec-socks-4.1.60.Final.jar;C:\Users\Aguka\.m2\repository\io\netty\netty-handler-proxy\4.1.60.Final\netty-handler-proxy-4.1.60.Final.jar;C:\Users\Aguka\.m2\repository\io\netty\netty-transport-native-epoll\4.1.60.Final\netty-transport-native-epoll-4.1.60.Final-linux-x86_64.jar;C:\Users\Aguka\.m2\repository\io\netty\netty-transport-native-kqueue\4.1.60.Final\netty-transport-native-kqueue-4.1.60.Final-osx-x86_64.jar;C:\Users\Aguka\.m2\repository\org\reactivestreams\reactive-streams\1.0.3\reactive-streams-1.0.3.jar;C:\Users\Aguka\.m2\repository\com\typesafe\netty\netty-reactive-streams\2.0.4\netty-reactive-streams-2.0.4.jar;C:\Users\Aguka\.m2\repository\com\sun\activation\jakarta.activation\1.2.2\jakarta.activation-1.2.2.jar;C:\Users\Aguka\.m2\repository\org\seleniumhq\selenium\selenium-safari-driver\4.10.0\selenium-safari-driver-4.10.0.jar;C:\Users\Aguka\.m2\repository\org\seleniumhq\selenium\selenium-support\4.10.0\selenium-support-4.10.0.jar;C:\Users\Aguka\.m2\repository\org\projectlombok\lombok\1.18.28\lombok-1.18.28.jar;C:\Users\Aguka\.m2\repository\org\slf4j\slf4j-reload4j\2.0.5\slf4j-reload4j-2.0.5.jar;C:\Users\Aguka\.m2\repository\ch\qos\reload4j\reload4j\1.2.22\reload4j-1.2.22.jar;C:\Users\Aguka\.m2\repository\io\qameta\allure\allure-testng\2.22.0\allure-testng-2.22.0.jar;C:\Users\Aguka\.m2\repository\io\qameta\allure\allure-java-commons\2.22.0\allure-java-commons-2.22.0.jar;C:\Users\Aguka\.m2\repository\io\qameta\allure\allure-model\2.22.0\allure-model-2.22.0.jar;C:\Users\Aguka\.m2\repository\io\qameta\allure\allure-test-filter\2.22.0\allure-test-filter-2.22.0.jar;"/>
    <property name="java.vm.vendor" value="Oracle Corporation"/>
    <property name="sun.arch.data.model" value="64"/>
    <property name="user.variant" value=""/>
    <property name="java.vendor.url" value="https://java.oracle.com/"/>
    <property name="user.timezone" value="Europe/Kiev"/>
    <property name="os.name" value="Windows 11"/>
    <property name="java.vm.specification.version" value="17"/>
    <property name="sun.java.launcher" value="SUN_STANDARD"/>
    <property name="user.country" value="US"/>
    <property name="sun.boot.library.path" value="C:\Program Files\Java\jdk-17\bin"/>
    <property name="sun.java.command" value="C:\Users\Aguka\AppData\Local\Temp\surefire3559333667215644733\surefirebooter-20230730170143067_3.jar C:\Users\Aguka\AppData\Local\Temp\surefire3559333667215644733 2023-07-30T17-01-42_782-jvmRun1 surefire-20230730170143067_1tmp surefire_0-20230730170143067_2tmp"/>
    <property name="jdk.debug" value="release"/>
    <property name="surefire.test.class.path" value="C:\Users\Aguka\sachok_Final_Projekt\target\test-classes;C:\Users\Aguka\sachok_Final_Projekt\target\classes;C:\Users\Aguka\.m2\repository\io\github\bonigarcia\webdrivermanager\5.3.2\webdrivermanager-5.3.2.jar;C:\Users\Aguka\.m2\repository\org\slf4j\slf4j-api\2.0.6\slf4j-api-2.0.6.jar;C:\Users\Aguka\.m2\repository\com\google\code\gson\gson\2.10.1\gson-2.10.1.jar;C:\Users\Aguka\.m2\repository\com\github\docker-java\docker-java\3.2.14\docker-java-3.2.14.jar;C:\Users\Aguka\.m2\repository\com\github\docker-java\docker-java-core\3.2.14\docker-java-core-3.2.14.jar;C:\Users\Aguka\.m2\repository\com\github\docker-java\docker-java-api\3.2.14\docker-java-api-3.2.14.jar;C:\Users\Aguka\.m2\repository\com\fasterxml\jackson\core\jackson-annotations\2.10.3\jackson-annotations-2.10.3.jar;C:\Users\Aguka\.m2\repository\commons-io\commons-io\2.6\commons-io-2.6.jar;C:\Users\Aguka\.m2\repository\org\apache\commons\commons-compress\1.21\commons-compress-1.21.jar;C:\Users\Aguka\.m2\repository\com\fasterxml\jackson\core\jackson-databind\2.10.3\jackson-databind-2.10.3.jar;C:\Users\Aguka\.m2\repository\com\fasterxml\jackson\core\jackson-core\2.10.3\jackson-core-2.10.3.jar;C:\Users\Aguka\.m2\repository\org\bouncycastle\bcpkix-jdk15on\1.64\bcpkix-jdk15on-1.64.jar;C:\Users\Aguka\.m2\repository\org\bouncycastle\bcprov-jdk15on\1.64\bcprov-jdk15on-1.64.jar;C:\Users\Aguka\.m2\repository\org\slf4j\jcl-over-slf4j\1.7.30\jcl-over-slf4j-1.7.30.jar;C:\Users\Aguka\.m2\repository\com\github\docker-java\docker-java-transport-httpclient5\3.2.14\docker-java-transport-httpclient5-3.2.14.jar;C:\Users\Aguka\.m2\repository\com\github\docker-java\docker-java-transport\3.2.14\docker-java-transport-3.2.14.jar;C:\Users\Aguka\.m2\repository\net\java\dev\jna\jna\5.12.1\jna-5.12.1.jar;C:\Users\Aguka\.m2\repository\org\brotli\dec\0.1.2\dec-0.1.2.jar;C:\Users\Aguka\.m2\repository\org\apache\commons\commons-lang3\3.12.0\commons-lang3-3.12.0.jar;C:\Users\Aguka\.m2\repository\org\apache\httpcomponents\client5\httpclient5\5.2.1\httpclient5-5.2.1.jar;C:\Users\Aguka\.m2\repository\org\apache\httpcomponents\core5\httpcore5\5.2\httpcore5-5.2.jar;C:\Users\Aguka\.m2\repository\org\apache\httpcomponents\core5\httpcore5-h2\5.2\httpcore5-h2-5.2.jar;C:\Users\Aguka\.m2\repository\org\assertj\assertj-core\3.18.1\assertj-core-3.18.1.jar;C:\Users\Aguka\.m2\repository\org\testng\testng\7.7.1\testng-7.7.1.jar;C:\Users\Aguka\.m2\repository\com\beust\jcommander\1.82\jcommander-1.82.jar;C:\Users\Aguka\.m2\repository\org\webjars\jquery\3.6.1\jquery-3.6.1.jar;C:\Users\Aguka\.m2\repository\org\seleniumhq\selenium\selenium-java\4.10.0\selenium-java-4.10.0.jar;C:\Users\Aguka\.m2\repository\org\seleniumhq\selenium\selenium-api\4.10.0\selenium-api-4.10.0.jar;C:\Users\Aguka\.m2\repository\org\seleniumhq\selenium\selenium-chrome-driver\4.10.0\selenium-chrome-driver-4.10.0.jar;C:\Users\Aguka\.m2\repository\com\google\auto\service\auto-service-annotations\1.0.1\auto-service-annotations-1.0.1.jar;C:\Users\Aguka\.m2\repository\com\google\auto\service\auto-service\1.0.1\auto-service-1.0.1.jar;C:\Users\Aguka\.m2\repository\com\google\auto\auto-common\1.2\auto-common-1.2.jar;C:\Users\Aguka\.m2\repository\com\google\guava\guava\31.1-jre\guava-31.1-jre.jar;C:\Users\Aguka\.m2\repository\com\google\guava\failureaccess\1.0.1\failureaccess-1.0.1.jar;C:\Users\Aguka\.m2\repository\com\google\guava\listenablefuture\9999.0-empty-to-avoid-conflict-with-guava\listenablefuture-9999.0-empty-to-avoid-conflict-with-guava.jar;C:\Users\Aguka\.m2\repository\com\google\code\findbugs\jsr305\3.0.2\jsr305-3.0.2.jar;C:\Users\Aguka\.m2\repository\org\checkerframework\checker-qual\3.12.0\checker-qual-3.12.0.jar;C:\Users\Aguka\.m2\repository\com\google\errorprone\error_prone_annotations\2.11.0\error_prone_annotations-2.11.0.jar;C:\Users\Aguka\.m2\repository\com\google\j2objc\j2objc-annotations\1.3\j2objc-annotations-1.3.jar;C:\Users\Aguka\.m2\repository\org\seleniumhq\selenium\selenium-chromium-driver\4.10.0\selenium-chromium-driver-4.10.0.jar;C:\Users\Aguka\.m2\repository\org\seleniumhq\selenium\selenium-json\4.10.0\selenium-json-4.10.0.jar;C:\Users\Aguka\.m2\repository\org\seleniumhq\selenium\selenium-manager\4.10.0\selenium-manager-4.10.0.jar;C:\Users\Aguka\.m2\repository\org\seleniumhq\selenium\selenium-devtools-v112\4.10.0\selenium-devtools-v112-4.10.0.jar;C:\Users\Aguka\.m2\repository\org\seleniumhq\selenium\selenium-devtools-v113\4.10.0\selenium-devtools-v113-4.10.0.jar;C:\Users\Aguka\.m2\repository\org\seleniumhq\selenium\selenium-devtools-v114\4.10.0\selenium-devtools-v114-4.10.0.jar;C:\Users\Aguka\.m2\repository\org\seleniumhq\selenium\selenium-devtools-v85\4.10.0\selenium-devtools-v85-4.10.0.jar;C:\Users\Aguka\.m2\repository\org\seleniumhq\selenium\selenium-edge-driver\4.10.0\selenium-edge-driver-4.10.0.jar;C:\Users\Aguka\.m2\repository\org\seleniumhq\selenium\selenium-firefox-driver\4.10.0\selenium-firefox-driver-4.10.0.jar;C:\Users\Aguka\.m2\repository\org\seleniumhq\selenium\selenium-http\4.10.0\selenium-http-4.10.0.jar;C:\Users\Aguka\.m2\repository\dev\failsafe\failsafe\3.3.1\failsafe-3.3.1.jar;C:\Users\Aguka\.m2\repository\org\seleniumhq\selenium\selenium-ie-driver\4.10.0\selenium-ie-driver-4.10.0.jar;C:\Users\Aguka\.m2\repository\org\seleniumhq\selenium\selenium-remote-driver\4.10.0\selenium-remote-driver-4.10.0.jar;C:\Users\Aguka\.m2\repository\io\netty\netty-buffer\4.1.92.Final\netty-buffer-4.1.92.Final.jar;C:\Users\Aguka\.m2\repository\io\netty\netty-codec-http\4.1.92.Final\netty-codec-http-4.1.92.Final.jar;C:\Users\Aguka\.m2\repository\io\netty\netty-codec\4.1.92.Final\netty-codec-4.1.92.Final.jar;C:\Users\Aguka\.m2\repository\io\netty\netty-handler\4.1.92.Final\netty-handler-4.1.92.Final.jar;C:\Users\Aguka\.m2\repository\io\netty\netty-common\4.1.92.Final\netty-common-4.1.92.Final.jar;C:\Users\Aguka\.m2\repository\io\netty\netty-transport-classes-epoll\4.1.92.Final\netty-transport-classes-epoll-4.1.92.Final.jar;C:\Users\Aguka\.m2\repository\io\netty\netty-transport-classes-kqueue\4.1.92.Final\netty-transport-classes-kqueue-4.1.92.Final.jar;C:\Users\Aguka\.m2\repository\io\netty\netty-transport-native-epoll\4.1.92.Final\netty-transport-native-epoll-4.1.92.Final.jar;C:\Users\Aguka\.m2\repository\io\netty\netty-transport-native-kqueue\4.1.92.Final\netty-transport-native-kqueue-4.1.92.Final.jar;C:\Users\Aguka\.m2\repository\io\netty\netty-transport-native-unix-common\4.1.92.Final\netty-transport-native-unix-common-4.1.92.Final.jar;C:\Users\Aguka\.m2\repository\io\netty\netty-transport\4.1.92.Final\netty-transport-4.1.92.Final.jar;C:\Users\Aguka\.m2\repository\io\netty\netty-resolver\4.1.92.Final\netty-resolver-4.1.92.Final.jar;C:\Users\Aguka\.m2\repository\io\opentelemetry\opentelemetry-api\1.26.0\opentelemetry-api-1.26.0.jar;C:\Users\Aguka\.m2\repository\io\opentelemetry\opentelemetry-context\1.26.0\opentelemetry-context-1.26.0.jar;C:\Users\Aguka\.m2\repository\io\opentelemetry\opentelemetry-exporter-logging\1.26.0\opentelemetry-exporter-logging-1.26.0.jar;C:\Users\Aguka\.m2\repository\io\opentelemetry\opentelemetry-sdk-metrics\1.26.0\opentelemetry-sdk-metrics-1.26.0.jar;C:\Users\Aguka\.m2\repository\io\opentelemetry\opentelemetry-extension-incubator\1.26.0-alpha\opentelemetry-extension-incubator-1.26.0-alpha.jar;C:\Users\Aguka\.m2\repository\io\opentelemetry\opentelemetry-sdk-logs\1.26.0-alpha\opentelemetry-sdk-logs-1.26.0-alpha.jar;C:\Users\Aguka\.m2\repository\io\opentelemetry\opentelemetry-api-logs\1.26.0-alpha\opentelemetry-api-logs-1.26.0-alpha.jar;C:\Users\Aguka\.m2\repository\io\opentelemetry\opentelemetry-api-events\1.26.0-alpha\opentelemetry-api-events-1.26.0-alpha.jar;C:\Users\Aguka\.m2\repository\io\opentelemetry\opentelemetry-sdk-common\1.26.0\opentelemetry-sdk-common-1.26.0.jar;C:\Users\Aguka\.m2\repository\io\opentelemetry\opentelemetry-sdk-extension-autoconfigure-spi\1.26.0\opentelemetry-sdk-extension-autoconfigure-spi-1.26.0.jar;C:\Users\Aguka\.m2\repository\io\opentelemetry\opentelemetry-sdk-extension-autoconfigure\1.26.0-alpha\opentelemetry-sdk-extension-autoconfigure-1.26.0-alpha.jar;C:\Users\Aguka\.m2\repository\io\opentelemetry\opentelemetry-sdk-trace\1.26.0\opentelemetry-sdk-trace-1.26.0.jar;C:\Users\Aguka\.m2\repository\io\opentelemetry\opentelemetry-sdk\1.26.0\opentelemetry-sdk-1.26.0.jar;C:\Users\Aguka\.m2\repository\io\opentelemetry\opentelemetry-semconv\1.26.0-alpha\opentelemetry-semconv-1.26.0-alpha.jar;C:\Users\Aguka\.m2\repository\net\bytebuddy\byte-buddy\1.14.4\byte-buddy-1.14.4.jar;C:\Users\Aguka\.m2\repository\org\apache\commons\commons-exec\1.3\commons-exec-1.3.jar;C:\Users\Aguka\.m2\repository\org\asynchttpclient\async-http-client\2.12.3\async-http-client-2.12.3.jar;C:\Users\Aguka\.m2\repository\org\asynchttpclient\async-http-client-netty-utils\2.12.3\async-http-client-netty-utils-2.12.3.jar;C:\Users\Aguka\.m2\repository\io\netty\netty-codec-socks\4.1.60.Final\netty-codec-socks-4.1.60.Final.jar;C:\Users\Aguka\.m2\repository\io\netty\netty-handler-proxy\4.1.60.Final\netty-handler-proxy-4.1.60.Final.jar;C:\Users\Aguka\.m2\repository\io\netty\netty-transport-native-epoll\4.1.60.Final\netty-transport-native-epoll-4.1.60.Final-linux-x86_64.jar;C:\Users\Aguka\.m2\repository\io\netty\netty-transport-native-kqueue\4.1.60.Final\netty-transport-native-kqueue-4.1.60.Final-osx-x86_64.jar;C:\Users\Aguka\.m2\repository\org\reactivestreams\reactive-streams\1.0.3\reactive-streams-1.0.3.jar;C:\Users\Aguka\.m2\repository\com\typesafe\netty\netty-reactive-streams\2.0.4\netty-reactive-streams-2.0.4.jar;C:\Users\Aguka\.m2\repository\com\sun\activation\jakarta.activation\1.2.2\jakarta.activation-1.2.2.jar;C:\Users\Aguka\.m2\repository\org\seleniumhq\selenium\selenium-safari-driver\4.10.0\selenium-safari-driver-4.10.0.jar;C:\Users\Aguka\.m2\repository\org\seleniumhq\selenium\selenium-support\4.10.0\selenium-support-4.10.0.jar;C:\Users\Aguka\.m2\repository\org\projectlombok\lombok\1.18.28\lombok-1.18.28.jar;C:\Users\Aguka\.m2\repository\org\slf4j\slf4j-reload4j\2.0.5\slf4j-reload4j-2.0.5.jar;C:\Users\Aguka\.m2\repository\ch\qos\reload4j\reload4j\1.2.22\reload4j-1.2.22.jar;C:\Users\Aguka\.m2\repository\io\qameta\allure\allure-testng\2.22.0\allure-testng-2.22.0.jar;C:\Users\Aguka\.m2\repository\io\qameta\allure\allure-java-commons\2.22.0\allure-java-commons-2.22.0.jar;C:\Users\Aguka\.m2\repository\io\qameta\allure\allure-model\2.22.0\allure-model-2.22.0.jar;C:\Users\Aguka\.m2\repository\io\qameta\allure\allure-test-filter\2.22.0\allure-test-filter-2.22.0.jar;"/>
    <property name="allure.results.directory" value="C:\Users\Aguka\sachok_Final_Projekt\target/allure-results"/>
    <property name="sun.cpu.endian" value="little"/>
    <property name="user.home" value="C:\Users\Aguka"/>
    <property name="user.language" value="en"/>
    <property name="java.specification.vendor" value="Oracle Corporation"/>
    <property name="java.version.date" value="2023-04-18"/>
    <property name="java.home" value="C:\Program Files\Java\jdk-17"/>
    <property name="file.separator" value="\"/>
    <property name="basedir" value="C:\Users\Aguka\sachok_Final_Projekt"/>
    <property name="java.vm.compressedOopsMode" value="32-bit"/>
    <property name="line.separator" value="&#10;"/>
    <property name="java.vm.specification.vendor" value="Oracle Corporation"/>
    <property name="java.specification.name" value="Java Platform API Specification"/>
    <property name="surefire.real.class.path" value="C:\Users\Aguka\AppData\Local\Temp\surefire3559333667215644733\surefirebooter-20230730170143067_3.jar"/>
    <property name="user.script" value=""/>
    <property name="sun.management.compiler" value="HotSpot 64-Bit Tiered Compilers"/>
    <property name="java.runtime.version" value="17.0.7+8-LTS-224"/>
    <property name="webdriver.edge.driver" value="C:\Users\Aguka\.cache\selenium\msedgedriver\win64\115.0.1901.188\msedgedriver.exe"/>
    <property name="user.name" value="Aguka"/>
    <property name="path.separator" value=";"/>
    <property name="os.version" value="10.0"/>
    <property name="java.runtime.name" value="Java(TM) SE Runtime Environment"/>
    <property name="file.encoding" value="Cp1251"/>
    <property name="browser" value="EDGE"/>
    <property name="java.vm.name" value="Java HotSpot(TM) 64-Bit Server VM"/>
    <property name="browser.height" value="1080"/>
    <property name="localRepository" value="C:\Users\Aguka\.m2\repository"/>
    <property name="java.vendor.url.bug" value="https://bugreport.java.com/bugreport/"/>
    <property name="java.io.tmpdir" value="C:\Users\Aguka\AppData\Local\Temp\"/>
    <property name="java.version" value="17.0.7"/>
    <property name="user.dir" value="C:\Users\Aguka\sachok_Final_Projekt"/>
    <property name="os.arch" value="amd64"/>
    <property name="browser.width" value="1920"/>
    <property name="java.vm.specification.name" value="Java Virtual Machine Specification"/>
    <property name="sun.os.patch.level" value=""/>
    <property name="native.encoding" value="Cp1251"/>
    <property name="java.library.path" value="C:\Program Files\Java\jdk-17\bin;C:\WINDOWS\Sun\Java\bin;C:\WINDOWS\system32;C:\WINDOWS;C:\Program Files\Common Files\Oracle\Java\javapath;C:\Program Files (x86)\Common Files\Oracle\Java\javapath;C:\WINDOWS\system32;C:\WINDOWS;C:\WINDOWS\System32\Wbem;C:\WINDOWS\System32\WindowsPowerShell\v1.0\;C:\WINDOWS\System32\OpenSSH\;%JAVA_HOME%;C:\Program Files\Git\cmd;E:\apache-maven-3.9.2\bin;%JAVA_HOME%bin;C:\Users\Aguka\AppData\Local\Microsoft\WindowsApps;;C:\Program Files\JetBrains\IntelliJ IDEA Community Edition 2022.2.1\bin;;."/>
    <property name="java.vm.info" value="mixed mode, sharing"/>
    <property name="java.vendor" value="Oracle Corporation"/>
    <property name="java.vm.version" value="17.0.7+8-LTS-224"/>
    <property name="sun.io.unicode.encoding" value="UnicodeLittle"/>
    <property name="java.class.version" value="61.0"/>
  </properties>
  <testcase name="checkCategories" classname="CheckCategories" time="0.676">
    <system-out><![CDATA[[INFO ] 2023-07-30 17:01:45 BaseTest:42 :setUp - message:Tests will run at 1920x1080 in EDGE browser.
[INFO ] 2023-07-30 17:01:45 BaseTest:42 :setUp - message:Tests will run at 1920x1080 in EDGE browser.
[INFO ] 2023-07-30 17:01:46 WebDriverManager:1238 :resolveDriverVersion - message:Using msedgedriver 115.0.1901.188 (resolved driver for Edge 115)
[INFO ] 2023-07-30 17:01:46 WebDriverManager:1583 :logSeekRepo - message:Reading https://msedgedriver.azureedge.net/?restype=container&comp=list to seek msedgedriver
[INFO ] 2023-07-30 17:01:46 WebDriverManager:1238 :resolveDriverVersion - message:Using msedgedriver 115.0.1901.188 (resolved driver for Edge 115)
[INFO ] 2023-07-30 17:01:46 WebDriverManager:1583 :logSeekRepo - message:Reading https://msedgedriver.azureedge.net/?restype=container&comp=list to seek msedgedriver
[INFO ] 2023-07-30 17:01:53 Downloader:127 :downloadAndExtract - message:Downloading https://msedgedriver.azureedge.net/115.0.1901.188/edgedriver_win64.zip
[INFO ] 2023-07-30 17:01:53 Downloader:127 :downloadAndExtract - message:Downloading https://msedgedriver.azureedge.net/115.0.1901.188/edgedriver_win64.zip
[INFO ] 2023-07-30 17:02:04 Downloader:188 :extract - message:Extracting driver from compressed file edgedriver_win64.zip
[INFO ] 2023-07-30 17:02:05 WebDriverManager:1291 :exportDriver - message:Exporting webdriver.edge.driver as C:\Users\Aguka\.cache\selenium\msedgedriver\win64\115.0.1901.188\msedgedriver.exe
[INFO ] 2023-07-30 17:02:10 Downloader:188 :extract - message:Extracting driver from compressed file edgedriver_win64.zip
[INFO ] 2023-07-30 17:02:10 WebDriverManager:1291 :exportDriver - message:Exporting webdriver.edge.driver as C:\Users\Aguka\.cache\selenium\msedgedriver\win64\115.0.1901.188\msedgedriver.exe
[INFO ] 2023-07-30 17:02:13 MainPage:79 :waitForPageLoading - message:Waiting for page loading
[INFO ] 2023-07-30 17:02:15 MainPage:79 :waitForPageLoading - message:Waiting for page loading
[INFO ] 2023-07-30 17:02:19 MainPage:85 :switchToFrame - message:Switch to frame
[INFO ] 2023-07-30 17:02:19 MainPage:149 :moveToElement - message:Hover mouse over 'CLOTHES
[INFO ] 2023-07-30 17:02:20 MainPage:118 :getList - message:Getting list elements
[INFO ] 2023-07-30 17:02:20 MainPage:149 :moveToElement - message:Hover mouse over 'CLOTHES
[INFO ] 2023-07-30 17:02:20 MainPage:118 :getList - message:Getting list elements
[INFO ] 2023-07-30 17:02:20 MainPage:149 :moveToElement - message:Hover mouse over 'CLOTHES
[INFO ] 2023-07-30 17:02:20 MainPage:157 :getArtValue - message:Check that no any sub category appears
]]></system-out>
    <system-err><![CDATA[Jul 30, 2023 5:02:05 PM org.openqa.selenium.remote.service.DriverService$Builder getLogOutput
INFO: Driver logs no longer sent to console by default; https://www.selenium.dev/documentation/webdriver/drivers/service/#setting-log-output
Jul 30, 2023 5:02:08 PM org.openqa.selenium.devtools.CdpVersionFinder findNearestMatch
WARNING: Unable to find an exact match for CDP version 115, so returning the closest version found: 114
Jul 30, 2023 5:02:10 PM org.openqa.selenium.remote.service.DriverService$Builder getLogOutput
INFO: Driver logs no longer sent to console by default; https://www.selenium.dev/documentation/webdriver/drivers/service/#setting-log-output
Jul 30, 2023 5:02:13 PM org.openqa.selenium.devtools.CdpVersionFinder findNearestMatch
WARNING: Unable to find an exact match for CDP version 115, so returning the closest version found: 114
]]></system-err>
  </testcase>
  <testcase name="addingToCart" classname="AddingToCart" time="0">
    <system-out><![CDATA[[WARN ] 2023-07-30 17:02:20 WebSocketHandler:142 :handleException - message:onError
java.net.SocketException: Connection reset
	at java.base/sun.nio.ch.SocketChannelImpl.throwConnectionReset(SocketChannelImpl.java:394)
	at java.base/sun.nio.ch.SocketChannelImpl.read(SocketChannelImpl.java:426)
	at io.netty.buffer.PooledByteBuf.setBytes(PooledByteBuf.java:256)
	at io.netty.buffer.AbstractByteBuf.writeBytes(AbstractByteBuf.java:1132)
	at io.netty.channel.socket.nio.NioSocketChannel.doReadBytes(NioSocketChannel.java:357)
	at io.netty.channel.nio.AbstractNioByteChannel$NioByteUnsafe.read(AbstractNioByteChannel.java:151)
	at io.netty.channel.nio.NioEventLoop.processSelectedKey(NioEventLoop.java:788)
	at io.netty.channel.nio.NioEventLoop.processSelectedKeysOptimized(NioEventLoop.java:724)
	at io.netty.channel.nio.NioEventLoop.processSelectedKeys(NioEventLoop.java:650)
	at io.netty.channel.nio.NioEventLoop.run(NioEventLoop.java:562)
	at io.netty.util.concurrent.SingleThreadEventExecutor$4.run(SingleThreadEventExecutor.java:997)
	at io.netty.util.internal.ThreadExecutorMap$2.run(ThreadExecutorMap.java:74)
	at io.netty.util.concurrent.FastThreadLocalRunnable.run(FastThreadLocalRunnable.java:30)
	at java.base/java.lang.Thread.run(Thread.java:833)
[INFO ] 2023-07-30 17:02:20 BaseTest:42 :setUp - message:Tests will run at 1920x1080 in EDGE browser.
[INFO ] 2023-07-30 17:02:20 WebDriverManager:1238 :resolveDriverVersion - message:Using msedgedriver 115.0.1901.188 (resolved driver for Edge 115)
[INFO ] 2023-07-30 17:02:20 WebDriverManager:1291 :exportDriver - message:Exporting webdriver.edge.driver as C:\Users\Aguka\.cache\selenium\msedgedriver\win64\115.0.1901.188\msedgedriver.exe
[INFO ] 2023-07-30 17:02:25 MainPage:79 :waitForPageLoading - message:Waiting for page loading
[INFO ] 2023-07-30 17:02:25 MainPage:85 :switchToFrame - message:Switch to frame
[INFO ] 2023-07-30 17:02:25 MainPage:195 :setFieldSearch - message:Set field search and enter
[INFO ] 2023-07-30 17:02:25 ResultSearchPage:118 :clickBrownBearNotebook - message:Click brown bear notebook
[INFO ] 2023-07-30 17:02:29 ResultSearchPage:124 :select - message:Select value
[INFO ] 2023-07-30 17:02:29 ResultSearchPage:132 :setInputQuantityWanted - message:Set input quantity you wanted(5)
[INFO ] 2023-07-30 17:02:29 ResultSearchPage:148 :getMessageSuccessfully - message:Get message successfully
[INFO ] 2023-07-30 17:02:30 ResultSearchPage:155 :getTypePaper - message:Getting type paper
[INFO ] 2023-07-30 17:02:30 ResultSearchPage:160 :getProductQuantity - message:Get product quantity
[INFO ] 2023-07-30 17:02:30 ResultSearchPage:169 :getTotalPrice - message:Get total price
[INFO ] 2023-07-30 17:02:30 MainPage:85 :switchToFrame - message:Switch to frame
]]></system-out>
    <system-err><![CDATA[Jul 30, 2023 5:02:20 PM org.openqa.selenium.remote.http.WebSocket$Listener onError
WARNING: Connection reset
java.net.SocketException: Connection reset
	at java.base/sun.nio.ch.SocketChannelImpl.throwConnectionReset(SocketChannelImpl.java:394)
	at java.base/sun.nio.ch.SocketChannelImpl.read(SocketChannelImpl.java:426)
	at io.netty.buffer.PooledByteBuf.setBytes(PooledByteBuf.java:256)
	at io.netty.buffer.AbstractByteBuf.writeBytes(AbstractByteBuf.java:1132)
	at io.netty.channel.socket.nio.NioSocketChannel.doReadBytes(NioSocketChannel.java:357)
	at io.netty.channel.nio.AbstractNioByteChannel$NioByteUnsafe.read(AbstractNioByteChannel.java:151)
	at io.netty.channel.nio.NioEventLoop.processSelectedKey(NioEventLoop.java:788)
	at io.netty.channel.nio.NioEventLoop.processSelectedKeysOptimized(NioEventLoop.java:724)
	at io.netty.channel.nio.NioEventLoop.processSelectedKeys(NioEventLoop.java:650)
	at io.netty.channel.nio.NioEventLoop.run(NioEventLoop.java:562)
	at io.netty.util.concurrent.SingleThreadEventExecutor$4.run(SingleThreadEventExecutor.java:997)
	at io.netty.util.internal.ThreadExecutorMap$2.run(ThreadExecutorMap.java:74)
	at io.netty.util.concurrent.FastThreadLocalRunnable.run(FastThreadLocalRunnable.java:30)
	at java.base/java.lang.Thread.run(Thread.java:833)

Jul 30, 2023 5:02:20 PM org.openqa.selenium.remote.service.DriverService$Builder getLogOutput
INFO: Driver logs no longer sent to console by default; https://www.selenium.dev/documentation/webdriver/drivers/service/#setting-log-output
Jul 30, 2023 5:02:21 PM org.openqa.selenium.devtools.CdpVersionFinder findNearestMatch
WARNING: Unable to find an exact match for CDP version 115, so returning the closest version found: 114
]]></system-err>
  </testcase>
  <testcase name="checkLanguages" classname="CheckLanguages" time="1.494">
    <system-out><![CDATA[[INFO ] 2023-07-30 17:02:30 MainPage:128 :sizeLanguagesList - message:Getting size list of languages
[INFO ] 2023-07-30 17:02:30 MainPage:107 :getLanguages - message:Getting list all languages
[INFO ] 2023-07-30 17:02:31 BaseTest:42 :setUp - message:Tests will run at 1920x1080 in EDGE browser.
[INFO ] 2023-07-30 17:02:31 WebDriverManager:1238 :resolveDriverVersion - message:Using msedgedriver 115.0.1901.188 (resolved driver for Edge 115)
[INFO ] 2023-07-30 17:02:31 WebDriverManager:1291 :exportDriver - message:Exporting webdriver.edge.driver as C:\Users\Aguka\.cache\selenium\msedgedriver\win64\115.0.1901.188\msedgedriver.exe
[INFO ] 2023-07-30 17:02:32 MainPage:133 :findingUkrainianLanguagesInList - message:Checking the Ukrainian language is in the list
]]></system-out>
    <system-err><![CDATA[Jul 30, 2023 5:02:31 PM org.openqa.selenium.remote.service.DriverService$Builder getLogOutput
INFO: Driver logs no longer sent to console by default; https://www.selenium.dev/documentation/webdriver/drivers/service/#setting-log-output
]]></system-err>
  </testcase>
  <testcase name="priceDropCheck" classname="PriceDropCheck" time="1.158">
    <system-out><![CDATA[[INFO ] 2023-07-30 17:02:32 BaseTest:42 :setUp - message:Tests will run at 1920x1080 in EDGE browser.
[INFO ] 2023-07-30 17:02:32 WebDriverManager:1238 :resolveDriverVersion - message:Using msedgedriver 115.0.1901.188 (resolved driver for Edge 115)
[INFO ] 2023-07-30 17:02:32 WebDriverManager:1291 :exportDriver - message:Exporting webdriver.edge.driver as C:\Users\Aguka\.cache\selenium\msedgedriver\win64\115.0.1901.188\msedgedriver.exe
[INFO ] 2023-07-30 17:02:44 MainPage:79 :waitForPageLoading - message:Waiting for page loading
[INFO ] 2023-07-30 17:02:44 MainPage:85 :switchToFrame - message:Switch to frame
[INFO ] 2023-07-30 17:02:45 PricesDropPage:21 :getPricesDropProduct - message:Get list prices product
]]></system-out>
    <system-err><![CDATA[Jul 30, 2023 5:02:32 PM org.openqa.selenium.remote.service.DriverService$Builder getLogOutput
INFO: Driver logs no longer sent to console by default; https://www.selenium.dev/documentation/webdriver/drivers/service/#setting-log-output
Jul 30, 2023 5:02:33 PM org.openqa.selenium.devtools.CdpVersionFinder findNearestMatch
WARNING: Unable to find an exact match for CDP version 115, so returning the closest version found: 114
Jul 30, 2023 5:02:34 PM org.openqa.selenium.devtools.CdpVersionFinder findNearestMatch
WARNING: Unable to find an exact match for CDP version 115, so returning the closest version found: 114
]]></system-err>
  </testcase>
  <testcase name="checkPopularProducts" classname="CheckPopularProducts" time="1.071">
    <system-out><![CDATA[[INFO ] 2023-07-30 17:02:46 BaseTest:42 :setUp - message:Tests will run at 1920x1080 in EDGE browser.
[INFO ] 2023-07-30 17:02:46 WebDriverManager:1238 :resolveDriverVersion - message:Using msedgedriver 115.0.1901.188 (resolved driver for Edge 115)
[INFO ] 2023-07-30 17:02:46 WebDriverManager:1291 :exportDriver - message:Exporting webdriver.edge.driver as C:\Users\Aguka\.cache\selenium\msedgedriver\win64\115.0.1901.188\msedgedriver.exe
[INFO ] 2023-07-30 17:02:46 MainPage:79 :waitForPageLoading - message:Waiting for page loading
[INFO ] 2023-07-30 17:02:46 MainPage:85 :switchToFrame - message:Switch to frame
[INFO ] 2023-07-30 17:02:46 MainPage:173 :getSizePopularProduct - message:Get size popular product
[INFO ] 2023-07-30 17:02:47 MainPage:162 :getPopularProduct - message:Get list popular product
]]></system-out>
    <system-err><![CDATA[Jul 30, 2023 5:02:46 PM org.openqa.selenium.remote.service.DriverService$Builder getLogOutput
INFO: Driver logs no longer sent to console by default; https://www.selenium.dev/documentation/webdriver/drivers/service/#setting-log-output
Jul 30, 2023 5:02:46 PM org.openqa.selenium.devtools.CdpVersionFinder findNearestMatch
WARNING: Unable to find an exact match for CDP version 115, so returning the closest version found: 114
]]></system-err>
  </testcase>
  <testcase name="registrationWithValidData" classname="RegistrationWithInvalidData" time="1.888">
    <system-out><![CDATA[[INFO ] 2023-07-30 17:02:47 BaseTest:42 :setUp - message:Tests will run at 1920x1080 in EDGE browser.
[INFO ] 2023-07-30 17:02:47 WebDriverManager:1238 :resolveDriverVersion - message:Using msedgedriver 115.0.1901.188 (resolved driver for Edge 115)
[INFO ] 2023-07-30 17:02:47 WebDriverManager:1291 :exportDriver - message:Exporting webdriver.edge.driver as C:\Users\Aguka\.cache\selenium\msedgedriver\win64\115.0.1901.188\msedgedriver.exe
[INFO ] 2023-07-30 17:02:49 MainPage:79 :waitForPageLoading - message:Waiting for page loading
[INFO ] 2023-07-30 17:02:53 MainPage:85 :switchToFrame - message:Switch to frame
[INFO ] 2023-07-30 17:02:53 MainPage:143 :clickButtonSignIn - message:Clicking button Sign In
[INFO ] 2023-07-30 17:02:53 LoginPage:47 :clickNotAccount - message:Clicking button not account
[INFO ] 2023-07-30 17:02:53 MainPage:79 :waitForPageLoading - message:Waiting for page loading
[INFO ] 2023-07-30 17:02:54 LoginPage:53 :fillRegistrationFormWithRandomData - message:Filling registration form with random data
[INFO ] 2023-07-30 17:02:54 LoginPage:73 :isInvalidFieldMustBeRed - message:Is invalid field must be red
[INFO ] 2023-07-30 17:02:54 LoginPage:69 :getMessageAlertInvalidFormat - message:Getting message alert invalid format
]]></system-out>
    <system-err><![CDATA[Jul 30, 2023 5:02:47 PM org.openqa.selenium.remote.service.DriverService$Builder getLogOutput
INFO: Driver logs no longer sent to console by default; https://www.selenium.dev/documentation/webdriver/drivers/service/#setting-log-output
Jul 30, 2023 5:02:49 PM org.openqa.selenium.devtools.CdpVersionFinder findNearestMatch
WARNING: Unable to find an exact match for CDP version 115, so returning the closest version found: 114
]]></system-err>
  </testcase>
  <testcase name="registrationWithValidData" classname="RegistrationWithValidData" time="2.624">
    <system-out><![CDATA[[INFO ] 2023-07-30 17:02:55 BaseTest:42 :setUp - message:Tests will run at 1920x1080 in EDGE browser.
[INFO ] 2023-07-30 17:02:55 WebDriverManager:1238 :resolveDriverVersion - message:Using msedgedriver 115.0.1901.188 (resolved driver for Edge 115)
[INFO ] 2023-07-30 17:02:55 WebDriverManager:1291 :exportDriver - message:Exporting webdriver.edge.driver as C:\Users\Aguka\.cache\selenium\msedgedriver\win64\115.0.1901.188\msedgedriver.exe
[INFO ] 2023-07-30 17:02:58 MainPage:79 :waitForPageLoading - message:Waiting for page loading
[INFO ] 2023-07-30 17:02:59 MainPage:85 :switchToFrame - message:Switch to frame
[INFO ] 2023-07-30 17:03:00 MainPage:143 :clickButtonSignIn - message:Clicking button Sign In
[INFO ] 2023-07-30 17:03:00 LoginPage:47 :clickNotAccount - message:Clicking button not account
[INFO ] 2023-07-30 17:03:01 LoginPage:53 :fillRegistrationFormWithRandomData - message:Filling registration form with random data
[INFO ] 2023-07-30 17:03:02 LoginPage:65 :getDisplayedUserName - message:Get displayed user name
]]></system-out>
    <system-err><![CDATA[Jul 30, 2023 5:02:55 PM org.openqa.selenium.remote.service.DriverService$Builder getLogOutput
INFO: Driver logs no longer sent to console by default; https://www.selenium.dev/documentation/webdriver/drivers/service/#setting-log-output
Jul 30, 2023 5:02:55 PM org.openqa.selenium.devtools.CdpVersionFinder findNearestMatch
WARNING: Unable to find an exact match for CDP version 115, so returning the closest version found: 114
]]></system-err>
  </testcase>
  <testcase name="sortingCheck" classname="SortingCheck" time="2.926">
    <system-out><![CDATA[[INFO ] 2023-07-30 17:03:02 BaseTest:42 :setUp - message:Tests will run at 1920x1080 in EDGE browser.
[INFO ] 2023-07-30 17:03:02 WebDriverManager:1238 :resolveDriverVersion - message:Using msedgedriver 115.0.1901.188 (resolved driver for Edge 115)
[INFO ] 2023-07-30 17:03:02 WebDriverManager:1291 :exportDriver - message:Exporting webdriver.edge.driver as C:\Users\Aguka\.cache\selenium\msedgedriver\win64\115.0.1901.188\msedgedriver.exe
[INFO ] 2023-07-30 17:03:05 MainPage:85 :switchToFrame - message:Switch to frame
[INFO ] 2023-07-30 17:03:05 MainPage:195 :setFieldSearch - message:Set field search and enter
[INFO ] 2023-07-30 17:03:08 MainPage:79 :waitForPageLoading - message:Waiting for page loading
[INFO ] 2023-07-30 17:03:10 MainPage:85 :switchToFrame - message:Switch to frame
[Hummingbird Printed T-Shirt, Hummingbird Printed Sweater, The Best Is Yet To Come'..., The Adventure Begins Framed..., Today Is A Good Day Framed..., Mug The Best Is Yet To Come, Mug The Adventure Begins, Mug Today Is A Good Day, Mountain Fox Cushion, Brown Bear Cushion, Hummingbird Cushion, Mountain Fox - Vector Graphics]
12
[Hummingbird - Vector Graphics, Hummingbird Cushion, Hummingbird Notebook, Hummingbird Printed Sweater, Hummingbird Printed Sweater, Hummingbird Printed T-Shirt, Hummingbird Printed T-Shirt, Mountain Fox - Vector Graphics, Mountain Fox Cushion, Mountain Fox Notebook, The Adventure Begins Framed..., The Best Is Yet To Come'...]
12
[Mountain Fox Notebook, Mountain Fox Cushion, Mountain Fox - Vector Graphics, Hummingbird Printed T-Shirt, Hummingbird Printed Sweater, Hummingbird Notebook, Hummingbird Cushion, Hummingbird - Vector Graphics, Customizable Mug, Brown Bear Notebook, Brown Bear Cushion, Brown Bear - Vector Graphics]
12
]]></system-out>
    <system-err><![CDATA[Jul 30, 2023 5:03:02 PM org.openqa.selenium.remote.service.DriverService$Builder getLogOutput
INFO: Driver logs no longer sent to console by default; https://www.selenium.dev/documentation/webdriver/drivers/service/#setting-log-output
Jul 30, 2023 5:03:05 PM org.openqa.selenium.devtools.CdpVersionFinder findNearestMatch
WARNING: Unable to find an exact match for CDP version 115, so returning the closest version found: 114
]]></system-err>
  </testcase>
  <testcase name="checkSubscribeWithInvalidEmail" classname="SubscribeWithInvalidEmail" time="0.071">
    <system-out><![CDATA[[INFO ] 2023-07-30 17:03:14 BaseTest:42 :setUp - message:Tests will run at 1920x1080 in EDGE browser.
[INFO ] 2023-07-30 17:03:14 WebDriverManager:1238 :resolveDriverVersion - message:Using msedgedriver 115.0.1901.188 (resolved driver for Edge 115)
[INFO ] 2023-07-30 17:03:14 WebDriverManager:1291 :exportDriver - message:Exporting webdriver.edge.driver as C:\Users\Aguka\.cache\selenium\msedgedriver\win64\115.0.1901.188\msedgedriver.exe
[INFO ] 2023-07-30 17:03:19 MainPage:79 :waitForPageLoading - message:Waiting for page loading
39.62
[INFO ] 2023-07-30 17:03:25 MainPage:85 :switchToFrame - message:Switch to frame
[INFO ] 2023-07-30 17:03:25 MainPage:90 :getMessageOnPageGetOurLatestNewsAndSpecialSales - message:Getting message near the email field
[INFO ] 2023-07-30 17:03:26 MainPage:97 :getMessageOnPageOnMayUnsubscribeAtAnyMoment - message:Getting message under email field
[INFO ] 2023-07-30 17:03:26 MainPage:102 :getMessageButtonSubscribe - message:Getting CssValue with button subscribe
]]></system-out>
    <system-err><![CDATA[Jul 30, 2023 5:03:14 PM org.openqa.selenium.remote.service.DriverService$Builder getLogOutput
INFO: Driver logs no longer sent to console by default; https://www.selenium.dev/documentation/webdriver/drivers/service/#setting-log-output
Jul 30, 2023 5:03:16 PM org.openqa.selenium.devtools.CdpVersionFinder findNearestMatch
WARNING: Unable to find an exact match for CDP version 115, so returning the closest version found: 114
]]></system-err>
  </testcase>
  <testcase name="checkoutEndToEnd" classname="CheckoutEndToEnd" time="10.719">
    <failure message="Expected condition failed: waiting for visibility of [[EdgeDriver: msedge on windows (14fffbe916e5f404d0478076b4bf5db1)] -&gt; xpath: //*[@id=&apos;customer-form&apos;]/footer/button] (tried for 10 second(s) with 500 milliseconds interval)&#10;Build info: version: &apos;4.10.0&apos;, revision: &apos;c14d967899&apos;&#10;System info: os.name: &apos;Windows 11&apos;, os.arch: &apos;amd64&apos;, os.version: &apos;10.0&apos;, java.version: &apos;17.0.7&apos;&#10;Driver info: org.openqa.selenium.edge.EdgeDriver&#10;Capabilities {acceptInsecureCerts: false, browserName: msedge, browserVersion: 115.0.1901.188, ms:edgeOptions: {debuggerAddress: localhost:55969}, msedge: {msedgedriverVersion: 115.0.1901.188 (b51b39339c4..., userDataDir: C:\Users\Aguka\AppData\Loca...}, networkConnectionEnabled: false, pageLoadStrategy: normal, platformName: windows, proxy: Proxy(), se:cdp: ws://localhost:55969/devtoo..., se:cdpVersion: 115.0.1901.188, setWindowRect: true, strictFileInteractability: false, timeouts: {implicit: 0, pageLoad: 300000, script: 30000}, unhandledPromptBehavior: dismiss and notify, webauthn:extension:credBlob: true, webauthn:extension:largeBlob: true, webauthn:extension:minPinLength: true, webauthn:extension:prf: true, webauthn:virtualAuthenticators: true}&#10;Session ID: 14fffbe916e5f404d0478076b4bf5db1" type="org.openqa.selenium.TimeoutException"><![CDATA[org.openqa.selenium.TimeoutException: 
Expected condition failed: waiting for visibility of [[EdgeDriver: msedge on windows (14fffbe916e5f404d0478076b4bf5db1)] -> xpath: //*[@id='customer-form']/footer/button] (tried for 10 second(s) with 500 milliseconds interval)
Build info: version: '4.10.0', revision: 'c14d967899'
System info: os.name: 'Windows 11', os.arch: 'amd64', os.version: '10.0', java.version: '17.0.7'
Driver info: org.openqa.selenium.edge.EdgeDriver
Capabilities {acceptInsecureCerts: false, browserName: msedge, browserVersion: 115.0.1901.188, ms:edgeOptions: {debuggerAddress: localhost:55969}, msedge: {msedgedriverVersion: 115.0.1901.188 (b51b39339c4..., userDataDir: C:\Users\Aguka\AppData\Loca...}, networkConnectionEnabled: false, pageLoadStrategy: normal, platformName: windows, proxy: Proxy(), se:cdp: ws://localhost:55969/devtoo..., se:cdpVersion: 115.0.1901.188, setWindowRect: true, strictFileInteractability: false, timeouts: {implicit: 0, pageLoad: 300000, script: 30000}, unhandledPromptBehavior: dismiss and notify, webauthn:extension:credBlob: true, webauthn:extension:largeBlob: true, webauthn:extension:minPinLength: true, webauthn:extension:prf: true, webauthn:virtualAuthenticators: true}
Session ID: 14fffbe916e5f404d0478076b4bf5db1
	at org.openqa.selenium.support.ui.WebDriverWait.timeoutException(WebDriverWait.java:84)
	at org.openqa.selenium.support.ui.FluentWait.until(FluentWait.java:230)
	at pages.BasePage.waitUntilPresent(BasePage.java:25)
	at pages.ResultSearchPage.clickButtonContinueAddresses(ResultSearchPage.java:256)
	at CheckoutEndToEnd.checkoutEndToEnd(CheckoutEndToEnd.java:40)
	at java.base/jdk.internal.reflect.NativeMethodAccessorImpl.invoke0(Native Method)
	at java.base/jdk.internal.reflect.NativeMethodAccessorImpl.invoke(NativeMethodAccessorImpl.java:77)
	at java.base/jdk.internal.reflect.DelegatingMethodAccessorImpl.invoke(DelegatingMethodAccessorImpl.java:43)
	at java.base/java.lang.reflect.Method.invoke(Method.java:568)
	at org.testng.internal.invokers.MethodInvocationHelper.invokeMethod(MethodInvocationHelper.java:139)
	at org.testng.internal.invokers.TestInvoker.invokeMethod(TestInvoker.java:677)
	at org.testng.internal.invokers.TestInvoker.invokeTestMethod(TestInvoker.java:221)
	at org.testng.internal.invokers.MethodRunner.runInSequence(MethodRunner.java:50)
	at org.testng.internal.invokers.TestInvoker$MethodInvocationAgent.invoke(TestInvoker.java:969)
	at org.testng.internal.invokers.TestInvoker.invokeTestMethods(TestInvoker.java:194)
	at org.testng.internal.invokers.TestMethodWorker.invokeTestMethods(TestMethodWorker.java:148)
	at org.testng.internal.invokers.TestMethodWorker.run(TestMethodWorker.java:128)
	at java.base/java.util.concurrent.ThreadPoolExecutor.runWorker(ThreadPoolExecutor.java:1136)
	at java.base/java.util.concurrent.ThreadPoolExecutor$Worker.run(ThreadPoolExecutor.java:635)
	at java.base/java.lang.Thread.run(Thread.java:833)
]]></failure>
  </testcase>
</testsuite>