<?xml version="1.0" encoding="UTF-8"?>
<!-- Generated by org.testng.reporters.JUnitReportReporter -->
<testsuite hostname="DESKTOP-5TV9RKF" failures="0" tests="1" name="AddingToCart" time="21.399" errors="0" timestamp="2023-07-27T17:12:23 EEST" skipped="0">
  <testcase classname="AddingToCart" name="addingToCart" time="21.399"/>
  <system-out/>
</testsuite> <!-- AddingToCart -->
