<?xml version="1.0" encoding="UTF-8"?>
<!-- Generated by org.testng.reporters.JUnitReportReporter -->
<testsuite hostname="DESKTOP-5TV9RKF" failures="0" tests="1" name="AddingToCart" time="19.726" errors="0" timestamp="2023-07-27T13:41:52 EEST" skipped="0">
  <testcase classname="AddingToCart" name="addingToCart" time="19.726"/>
  <system-out/>
</testsuite> <!-- AddingToCart -->
