<?xml version="1.0" encoding="UTF-8"?>
<!-- Generated by org.testng.reporters.JUnitReportReporter -->
<testsuite hostname="DESKTOP-5TV9RKF" failures="0" tests="1" name="RegistrationWithInvalidData" time="13.272" errors="0" timestamp="2023-07-27T13:41:52 EEST" skipped="0">
  <testcase classname="RegistrationWithInvalidData" name="registrationWithValidData" time="13.272"/>
  <system-out/>
</testsuite> <!-- RegistrationWithInvalidData -->
