<?xml version="1.0" encoding="UTF-8"?>
<!-- Generated by org.testng.reporters.JUnitReportReporter -->
<testsuite hostname="DESKTOP-5TV9RKF" failures="0" tests="1" name="CheckCategories" time="35.274" errors="0" timestamp="2023-07-30T17:03:37 EEST" skipped="0">
  <testcase classname="CheckCategories" name="checkCategories" time="35.274"/>
  <system-out/>
</testsuite> <!-- CheckCategories -->
