<?xml version="1.0" encoding="UTF-8"?>
<!-- Generated by org.testng.reporters.JUnitReportReporter -->
<testsuite hostname="DESKTOP-5TV9RKF" failures="0" tests="1" name="CheckPopularProducts" time="9.273" errors="0" timestamp="2023-07-27T13:41:52 EEST" skipped="0">
  <testcase classname="CheckPopularProducts" name="checkPopularProducts" time="9.273"/>
  <system-out/>
</testsuite> <!-- CheckPopularProducts -->
