<?xml version="1.0" encoding="UTF-8"?>
<!-- Generated by org.testng.reporters.JUnitReportReporter -->
<testsuite hostname="DESKTOP-5TV9RKF" failures="0" tests="1" name="RegistrationWithInvalidData" time="16.455" errors="0" timestamp="2023-07-27T17:12:23 EEST" skipped="0">
  <testcase classname="RegistrationWithInvalidData" name="registrationWithValidData" time="16.455"/>
  <system-out/>
</testsuite> <!-- RegistrationWithInvalidData -->
