<?xml version="1.0" encoding="UTF-8"?>
<!-- Generated by org.testng.reporters.JUnitReportReporter -->
<testsuite hostname="DESKTOP-5TV9RKF" failures="0" tests="1" name="PriceDropCheck" time="13.558" errors="0" timestamp="2023-07-30T17:03:37 EEST" skipped="0">
  <testcase classname="PriceDropCheck" name="priceDropCheck" time="13.558"/>
  <system-out/>
</testsuite> <!-- PriceDropCheck -->
