<?xml version="1.0" encoding="UTF-8"?>
<!-- Generated by org.testng.reporters.JUnitReportReporter -->
<testsuite hostname="DESKTOP-5TV9RKF" failures="0" tests="1" name="RegistrationWithValidData" time="9.986" errors="0" timestamp="2023-07-27T13:41:52 EEST" skipped="0">
  <testcase classname="RegistrationWithValidData" name="registrationWithValidData" time="9.986"/>
  <system-out/>
</testsuite> <!-- RegistrationWithValidData -->
