<?xml version="1.0" encoding="UTF-8"?>
<!-- Generated by org.testng.reporters.JUnitReportReporter -->
<testsuite hostname="DESKTOP-5TV9RKF" failures="0" tests="1" name="SubscribeWithInvalidEmail" time="12.133" errors="0" timestamp="2023-07-30T17:03:37 EEST" skipped="0">
  <testcase classname="SubscribeWithInvalidEmail" name="checkSubscribeWithInvalidEmail" time="12.133"/>
  <system-out/>
</testsuite> <!-- SubscribeWithInvalidEmail -->
