<?xml version="1.0" encoding="UTF-8"?>
<!-- Generated by org.testng.reporters.JUnitReportReporter -->
<testsuite hostname="DESKTOP-5TV9RKF" failures="0" tests="1" name="CheckPopularProducts" time="15.937" errors="0" timestamp="2023-07-30T17:03:37 EEST" skipped="0">
  <testcase classname="CheckPopularProducts" name="checkPopularProducts" time="15.937"/>
  <system-out/>
</testsuite> <!-- CheckPopularProducts -->
