<?xml version="1.0" encoding="UTF-8"?>
<!-- Generated by org.testng.reporters.JUnitReportReporter -->
<testsuite hostname="DESKTOP-5TV9RKF" failures="0" tests="1" name="AddingToCart" time="46.391" errors="0" timestamp="2023-07-30T17:03:37 EEST" skipped="0">
  <testcase classname="AddingToCart" name="addingToCart" time="46.391"/>
  <system-out/>
</testsuite> <!-- AddingToCart -->
